#-----------------------------------------------------------
# Vivado v2022.2 (64-bit)
# SW Build 3671981 on Fri Oct 14 05:00:03 MDT 2022
# IP Build 3669848 on Fri Oct 14 08:30:02 MDT 2022
# Start of session at: Mon Apr 21 10:05:48 2025
# Process ID: 41176
# Current directory: D:/BS_ES/DSD/Online_Materials/git_folder_dsd/DSD/FPGA_Project/Xilinx_Vivado_Workflow/FSM_Clk/project_1
# Command line: vivado.exe -gui_launcher_event rodinguilauncherevent27340 D:\BS_ES\DSD\Online_Materials\git_folder_dsd\DSD\FPGA_Project\Xilinx_Vivado_Workflow\FSM_Clk\project_1\project_1.xpr
# Log file: D:/BS_ES/DSD/Online_Materials/git_folder_dsd/DSD/FPGA_Project/Xilinx_Vivado_Workflow/FSM_Clk/project_1/vivado.log
# Journal file: D:/BS_ES/DSD/Online_Materials/git_folder_dsd/DSD/FPGA_Project/Xilinx_Vivado_Workflow/FSM_Clk/project_1\vivado.jou
# Running On: NPTEL007, OS: Windows, CPU Frequency: 2189 MHz, CPU Physical cores: 12, Host memory: 16876 MB
#-----------------------------------------------------------
start_guioopen_project D:/BS_ES/DSD/Online_Materials/git_folder_dsd/DSD/FPGA_Project/Xilinx_Vivado_Workflow/FSM_Clk/project_1/project_1.xpr
WARNING: [Board 49-26] cannot add Board Part xilinx.com:kc705:part0:1.6 available at C:/Xilinx/Vivado/2022.2/data/xhub/boards/XilinxBoardStore/boards/Xilinx/kc705/1.6/board.xml as part xc7k325tffg900-2 specified in board_part file is either invalid or not available
WARNING: [Board 49-26] cannot add Board Part xilinx.com:kcu105:part0:1.6 available at C:/Xilinx/Vivado/2022.2/data/xhub/boards/XilinxBoardStore/boards/Xilinx/kcu105/1.6/board.xml as part xcku040-ffva1156-2-e specified in board_part file is either invalid or not available
WARNING: [Board 49-26] cannot add Board Part xilinx.com:kcu105:part0:1.7 available at C:/Xilinx/Vivado/2022.2/data/xhub/boards/XilinxBoardStore/boards/Xilinx/kcu105/1.7/board.xml as part xcku040-ffva1156-2-e specified in board_part file is either invalid or not available
WARNING: [Board 49-26] cannot add Board Part xilinx.com:kcu1500:part0:1.2 available at C:/Xilinx/Vivado/2022.2/data/xhub/boards/XilinxBoardStore/boards/Xilinx/kcu1500/1.2/board.xml as part xcku115-flvb2104-2-e specified in board_part file is either invalid or not available
WARNING: [Board 49-26] cannot add Board Part xilinx.com:vc707:part0:1.4 available at C:/Xilinx/Vivado/2022.2/data/xhub/boards/XilinxBoardStore/boards/Xilinx/vc707/1.4/board.xml as part xc7vx485tffg1761-2 specified in board_part file is either invalid or not available
WARNING: [Board 49-26] cannot add Board Part xilinx.com:vc709:part0:1.8 available at C:/Xilinx/Vivado/2022.2/data/xhub/boards/XilinxBoardStore/boards/Xilinx/vc709/1.8/board.xml as part xc7vx690tffg1761-2 specified in board_part file is either invalid or not available
WARNING: [Board 49-26] cannot add Board Part xilinx.com:vck190:part0:2.2 available at C:/Xilinx/Vivado/2022.2/data/xhub/boards/XilinxBoardStore/boards/Xilinx/vck190/production/2.2/board.xml as part xcvc1902-vsva2197-2mp-e-s specified in board_part file is either invalid or not available
WARNING: [Board 49-26] cannot add Board Part xilinx.com:vck190:part0:3.0 available at C:/Xilinx/Vivado/2022.2/data/xhub/boards/XilinxBoardStore/boards/Xilinx/vck190/production/3.0/board.xml as part xcvc1902-vsva2197-2mp-e-s specified in board_part file is either invalid or not available
WARNING: [Board 49-26] cannot add Board Part xilinx.com:vck190:part0:3.1 available at C:/Xilinx/Vivado/2022.2/data/xhub/boards/XilinxBoardStore/boards/Xilinx/vck190/production/3.1/board.xml as part xcvc1902-vsva2197-2mp-e-s specified in board_part file is either invalid or not available
WARNING: [Board 49-26] cannot add Board Part xilinx.com:vck190_newl:part0:1.0 available at C:/Xilinx/Vivado/2022.2/data/xhub/boards/XilinxBoardStore/boards/Xilinx/vck190_newl/production/1.0/board.xml as part xcvc1902-vsva2197-2mp-e-s specified in board_part file is either invalid or not available
WARNING: [Board 49-26] cannot add Board Part xilinx.com:vcu108:part0:1.6 available at C:/Xilinx/Vivado/2022.2/data/xhub/boards/XilinxBoardStore/boards/Xilinx/vcu108/1.6/board.xml as part xcvu095-ffva2104-2-e specified in board_part file is either invalid or not available
WARNING: [Board 49-26] cannot add Board Part xilinx.com:vcu108:part0:1.7 available at C:/Xilinx/Vivado/2022.2/data/xhub/boards/XilinxBoardStore/boards/Xilinx/vcu108/1.7/board.xml as part xcvu095-ffva2104-2-e specified in board_part file is either invalid or not available
WARNING: [Board 49-26] cannot add Board Part xilinx.com:vcu110:part0:1.4 available at C:/Xilinx/Vivado/2022.2/data/xhub/boards/XilinxBoardStore/boards/Xilinx/vcu110/1.4/board.xml as part xcvu190-flgc2104-2-e specified in board_part file is either invalid or not available
WARNING: [Board 49-26] cannot add Board Part xilinx.com:vcu118:part0:2.0 available at C:/Xilinx/Vivado/2022.2/data/xhub/boards/XilinxBoardStore/boards/Xilinx/vcu118/2.0/board.xml as part xcvu9p-flga2104-2l-e specified in board_part file is either invalid or not available
WARNING: [Board 49-26] cannot add Board Part xilinx.com:vcu118:part0:2.3 available at C:/Xilinx/Vivado/2022.2/data/xhub/boards/XilinxBoardStore/boards/Xilinx/vcu118/2.3/board.xml as part xcvu9p-flga2104-2l-e specified in board_part file is either invalid or not available
WARNING: [Board 49-26] cannot add Board Part xilinx.com:vcu118:part0:2.4 available at C:/Xilinx/Vivado/2022.2/data/xhub/boards/XilinxBoardStore/boards/Xilinx/vcu118/2.4/board.xml as part xcvu9p-flga2104-2l-e specified in board_part file is either invalid or not available
WARNING: [Board 49-26] cannot add Board Part xilinx.com:vcu128:part0:1.0 available at C:/Xilinx/Vivado/2022.2/data/xhub/boards/XilinxBoardStore/boards/Xilinx/vcu128/production/1.0/board.xml as part xcvu37p-fsvh2892-2l-e specified in board_part file is either invalid or not available
WARNING: [Board 49-26] cannot add Board Part xilinx.com:vcu129:part0:1.0 available at C:/Xilinx/Vivado/2022.2/data/xhub/boards/XilinxBoardStore/boards/Xilinx/vcu129/production/1.0/board.xml as part xcvu29p-fsga2577-2l-e specified in board_part file is either invalid or not available
WARNING: [Board 49-26] cannot add Board Part xilinx.com:vcu1525:part0:1.3 available at C:/Xilinx/Vivado/2022.2/data/xhub/boards/XilinxBoardStore/boards/Xilinx/vcu1525/1.3/board.xml as part xcvu9p-fsgd2104-2l-e specified in board_part file is either invalid or not available
WARNING: [Board 49-26] cannot add Board Part xilinx.com:vek280_es:part0:1.0 available at C:/Xilinx/Vivado/2022.2/data/xhub/boards/XilinxBoardStore/boards/Xilinx/vek280/es/1.0/board.xml as part xcve2802-vsvh1760-2lp-e-s-es1 specified in board_part file is either invalid or not available
WARNING: [Board 49-26] cannot add Board Part xilinx.com:vermeo_t1_mpsoc:part0:1.0 available at C:/Xilinx/Vivado/2022.2/data/xhub/boards/XilinxBoardStore/boards/Xilinx/vermeo_t1_mpsoc/1.0/board.xml as part xczu19eg-ffvd1760-2l-e specified in board_part file is either invalid or not available
WARNING: [Board 49-26] cannot add Board Part xilinx.com:vermeo_t1_rfsoc:part0:1.0 available at C:/Xilinx/Vivado/2022.2/data/xhub/boards/XilinxBoardStore/boards/Xilinx/vermeo_t1_rfsoc/1.0/board.xml as part xczu21dr-ffvd1156-2l-e specified in board_part file is either invalid or not available
WARNING: [Board 49-26] cannot add Board Part xilinx.com:vhk158_es:part0:1.0 available at C:/Xilinx/Vivado/2022.2/data/xhub/boards/XilinxBoardStore/boards/Xilinx/vhk158/es/1.0/board.xml as part xcvh1582-vsva3697-2mp-e-s-es1 specified in board_part file is either invalid or not available
WARNING: [Board 49-26] cannot add Board Part xilinx.com:vmk180:part0:2.2 available at C:/Xilinx/Vivado/2022.2/data/xhub/boards/XilinxBoardStore/boards/Xilinx/vmk180/production/2.2/board.xml as part xcvm1802-vsva2197-2mp-e-s specified in board_part file is either invalid or not available
WARNING: [Board 49-26] cannot add Board Part xilinx.com:vmk180:part0:3.0 available at C:/Xilinx/Vivado/2022.2/data/xhub/boards/XilinxBoardStore/boards/Xilinx/vmk180/production/3.0/board.xml as part xcvm1802-vsva2197-2mp-e-s specified in board_part file is either invalid or not available
WARNING: [Board 49-26] cannot add Board Part xilinx.com:vmk180:part0:3.1 available at C:/Xilinx/Vivado/2022.2/data/xhub/boards/XilinxBoardStore/boards/Xilinx/vmk180/production/3.1/board.xml as part xcvm1802-vsva2197-2mp-e-s specified in board_part file is either invalid or not available
WARNING: [Board 49-26] cannot add Board Part xilinx.com:vmk180_newl:part0:1.0 available at C:/Xilinx/Vivado/2022.2/data/xhub/boards/XilinxBoardStore/boards/Xilinx/vmk180_newl/production/1.0/board.xml as part xcvm1802-vsva2197-2mp-e-s specified in board_part file is either invalid or not available
WARNING: [Board 49-26] cannot add Board Part xilinx.com:vpk120:part0:1.0 available at C:/Xilinx/Vivado/2022.2/data/xhub/boards/XilinxBoardStore/boards/Xilinx/vpk120/production/1.0/board.xml as part xcvp1202-vsva2785-2mp-e-s specified in board_part file is either invalid or not available
WARNING: [Board 49-26] cannot add Board Part xilinx.com:vpk120_es:part0:1.2 available at C:/Xilinx/Vivado/2022.2/data/xhub/boards/XilinxBoardStore/boards/Xilinx/vpk120/es/1.2/board.xml as part xcvp1202-vsva2785-2mp-e-s-es1 specified in board_part file is either invalid or not available
WARNING: [Board 49-26] cannot add Board Part xilinx.com:vpk120_es_revb:part0:1.0 available at C:/Xilinx/Vivado/2022.2/data/xhub/boards/XilinxBoardStore/boards/Xilinx/vpk120_revb/es/1.0/board.xml as part xcvp1202-vsva2785-2mp-e-s-es1 specified in board_part file is either invalid or not available
WARNING: [Board 49-26] cannot add Board Part xilinx.com:vpk180_es:part0:1.0 available at C:/Xilinx/Vivado/2022.2/data/xhub/boards/XilinxBoardStore/boards/Xilinx/vpk180/es/1.0/board.xml as part xcvp1802-lsvc4072-2mp-e-s-es1 specified in board_part file is either invalid or not available
WARNING: [Board 49-26] cannot add Board Part xilinx.com:zc706:part0:1.4 available at C:/Xilinx/Vivado/2022.2/data/xhub/boards/XilinxBoardStore/boards/Xilinx/zc706/1.4/board.xml as part xc7z045ffg900-2 specified in board_part file is either invalid or not available
WARNING: [Board 49-26] cannot add Board Part xilinx.com:zcu102:part0:3.3 available at C:/Xilinx/Vivado/2022.2/data/xhub/boards/XilinxBoardStore/boards/Xilinx/zcu102/3.3/board.xml as part xczu9eg-ffvb1156-2-e specified in board_part file is either invalid or not available
WARNING: [Board 49-26] cannot add Board Part xilinx.com:zcu102:part0:3.4 available at C:/Xilinx/Vivado/2022.2/data/xhub/boards/XilinxBoardStore/boards/Xilinx/zcu102/3.4/board.xml as part xczu9eg-ffvb1156-2-e specified in board_part file is either invalid or not available
WARNING: [Board 49-26] cannot add Board Part xilinx.com:zcu111:part0:1.2 available at C:/Xilinx/Vivado/2022.2/data/xhub/boards/XilinxBoardStore/boards/Xilinx/zcu111/1.2/board.xml as part xczu28dr-ffvg1517-2-e specified in board_part file is either invalid or not available
WARNING: [Board 49-26] cannot add Board Part xilinx.com:zcu111:part0:1.3 available at C:/Xilinx/Vivado/2022.2/data/xhub/boards/XilinxBoardStore/boards/Xilinx/zcu111/1.3/board.xml as part xczu28dr-ffvg1517-2-e specified in board_part file is either invalid or not available
WARNING: [Board 49-26] cannot add Board Part xilinx.com:zcu111:part0:1.4 available at C:/Xilinx/Vivado/2022.2/data/xhub/boards/XilinxBoardStore/boards/Xilinx/zcu111/1.4/board.xml as part xczu28dr-ffvg1517-2-e specified in board_part file is either invalid or not available
WARNING: [Board 49-26] cannot add Board Part xilinx.com:zcu1275:part0:1.0 available at C:/Xilinx/Vivado/2022.2/data/xhub/boards/XilinxBoardStore/boards/Xilinx/zcu1275/1.0/board.xml as part xczu29dr-ffvf1760-2-e specified in board_part file is either invalid or not available
WARNING: [Board 49-26] cannot add Board Part xilinx.com:zcu1285:part0:1.0 available at C:/Xilinx/Vivado/2022.2/data/xhub/boards/XilinxBoardStore/boards/Xilinx/zcu1285/1.0/board.xml as part xczu39dr-ffvf1760-2-i specified in board_part file is either invalid or not available
WARNING: [Board 49-26] cannot add Board Part xilinx.com:zcu208:part0:2.0 available at C:/Xilinx/Vivado/2022.2/data/xhub/boards/XilinxBoardStore/boards/Xilinx/zcu208/production/2.0/board.xml as part xczu48dr-fsvg1517-2-e specified in board_part file is either invalid or not available
WARNING: [Board 49-26] cannot add Board Part xilinx.com:zcu208ld:part0:2.0 available at C:/Xilinx/Vivado/2022.2/data/xhub/boards/XilinxBoardStore/boards/Xilinx/zcu208ld/production/2.0/board.xml as part xczu58dr-fsvg1517-2-i specified in board_part file is either invalid or not available
WARNING: [Board 49-26] cannot add Board Part xilinx.com:zcu216:part0:2.0 available at C:/Xilinx/Vivado/2022.2/data/xhub/boards/XilinxBoardStore/boards/Xilinx/zcu216/production/2.0/board.xml as part xczu49dr-ffvf1760-2-e specified in board_part file is either invalid or not available
WARNING: [Board 49-26] cannot add Board Part xilinx.com:zcu216ld:part0:2.0 available at C:/Xilinx/Vivado/2022.2/data/xhub/boards/XilinxBoardStore/boards/Xilinx/zcu216ld/production/2.0/board.xml as part xczu59dr-ffvf1760-2-i specified in board_part file is either invalid or not available
WARNING: [Board 49-26] cannot add Board Part xilinx.com:zcu670:part0:2.0 available at C:/Xilinx/Vivado/2022.2/data/xhub/boards/XilinxBoardStore/boards/Xilinx/zcu670/2.0/board.xml as part xczu67dr-fsve1156-2-i specified in board_part file is either invalid or not available
WARNING: [Board 49-26] cannot add Board Part xilinx.com:zcu670ld:part0:1.0 available at C:/Xilinx/Vivado/2022.2/data/xhub/boards/XilinxBoardStore/boards/Xilinx/zcu670ld/1.0/board.xml as part xczu57dr-fsve1156-2-i specified in board_part file is either invalid or not available
INFO: [Project 1-313] Project file moved from 'E:/DSD/Xilinx_Vivado_Workflow/FSM_Clk/project_1' since last save.
INFO: [filemgmt 56-3] Default IP Output Path : Could not find the directory 'D:/BS_ES/DSD/Online_Materials/git_folder_dsd/DSD/FPGA_Project/Xilinx_Vivado_Workflow/FSM_Clk/project_1/project_1.gen/sources_1'.
Scanning sources...
Finished scanning sources
INFO: [IP_Flow 19-234] Refreshing IP repositories
INFO: [IP_Flow 19-1704] No user IP repositories specified
INFO: [IP_Flow 19-2313] Loaded Vivado IP repository 'C:/Xilinx/Vivado/2022.2/data/ip'.
open_project: Time (s): cpu = 00:00:52 ; elapsed = 00:00:31 . Memory (MB): peak = 1147.387 ; gain = 227.980
update_compile_order -fileset sources_1ereset_run impl_1 -prev_step 
launch_runs impl_1 -to_step write_bitstream -jobs 8
[Mon Apr 21 10:12:21 2025] Launched impl_1...
Run output will be captured here: D:/BS_ES/DSD/Online_Materials/git_folder_dsd/DSD/FPGA_Project/Xilinx_Vivado_Workflow/FSM_Clk/project_1/project_1.runs/impl_1/runme.log
reset_run impl_1 -prev_step 
launch_runs impl_1 -to_step write_bitstream -jobs 8
[Mon Apr 21 10:13:09 2025] Launched impl_1...
Run output will be captured here: D:/BS_ES/DSD/Online_Materials/git_folder_dsd/DSD/FPGA_Project/Xilinx_Vivado_Workflow/FSM_Clk/project_1/project_1.runs/impl_1/runme.log
reset_run impl_1 -prev_step 
WARNING: [Vivado 12-1017] Problems encountered:
1. PID not specified

reset_run synth_1
INFO: [Project 1-1161] Replacing file D:/BS_ES/DSD/Online_Materials/git_folder_dsd/DSD/FPGA_Project/Xilinx_Vivado_Workflow/FSM_Clk/project_1/project_1.srcs/utils_1/imports/synth_1/sequence_detection.dcp with file D:/BS_ES/DSD/Online_Materials/git_folder_dsd/DSD/FPGA_Project/Xilinx_Vivado_Workflow/FSM_Clk/project_1/project_1.runs/synth_1/sequence_detection.dcp
WARNING: [Vivado 12-1017] Problems encountered:
1. PID not specified

launch_runs synth_1 -jobs 8
[Mon Apr 21 10:14:00 2025] Launched synth_1...
Run output will be captured here: D:/BS_ES/DSD/Online_Materials/git_folder_dsd/DSD/FPGA_Project/Xilinx_Vivado_Workflow/FSM_Clk/project_1/project_1.runs/synth_1/runme.log
launch_simulation
Command: launch_simulation 
INFO: [Vivado 12-12493] Simulation top is 'sequence_detection'
WARNING: [Vivado 12-13340] Unable to auto find GCC executables from simulator install path! (path not set)
WARNING: [Vivado 12-13277] Compiled library path does not exist: ''
INFO: [Vivado 12-5682] Launching behavioral simulation in 'D:/BS_ES/DSD/Online_Materials/git_folder_dsd/DSD/FPGA_Project/Xilinx_Vivado_Workflow/FSM_Clk/project_1/project_1.sim/sim_1/behav/xsim'
INFO: [SIM-utils-51] Simulation object is 'sim_1'
INFO: [SIM-utils-72] Using boost library from 'C:/Xilinx/Vivado/2022.2/tps/boost_1_72_0'
INFO: [SIM-utils-54] Inspecting design source files for 'sequence_detection' in fileset 'sim_1'...
INFO: [USF-XSim-97] Finding global include files...
INFO: [USF-XSim-98] Fetching design files from 'sim_1'...
INFO: [USF-XSim-2] XSim::Compile design
INFO: [USF-XSim-61] Executing 'COMPILE and ANALYZE' step in 'D:/BS_ES/DSD/Online_Materials/git_folder_dsd/DSD/FPGA_Project/Xilinx_Vivado_Workflow/FSM_Clk/project_1/project_1.sim/sim_1/behav/xsim'
"xvlog --incr --relax -L uvm -prj sequence_detection_vlog.prj"
INFO: [VRFC 10-2263] Analyzing SystemVerilog file "D:/BS_ES/DSD/Online_Materials/git_folder_dsd/DSD/FPGA_Project/Xilinx_Vivado_Workflow/FSM_Clk/project_1/project_1.srcs/sources_1/new/patten110_Detection.sv" into library xil_defaultlib
INFO: [VRFC 10-311] analyzing module sequence_detection
ERROR: [VRFC 10-4982] syntax error near '~' [D:/BS_ES/DSD/Online_Materials/git_folder_dsd/DSD/FPGA_Project/Xilinx_Vivado_Workflow/FSM_Clk/project_1/project_1.srcs/sources_1/new/patten110_Detection.sv:30]
ERROR: [VRFC 10-3184] cannot have packed dimensions of type 'integer' [D:/BS_ES/DSD/Online_Materials/git_folder_dsd/DSD/FPGA_Project/Xilinx_Vivado_Workflow/FSM_Clk/project_1/project_1.srcs/sources_1/new/patten110_Detection.sv:9]
ERROR: [VRFC 10-2989] 'Clk_out' is not declared [D:/BS_ES/DSD/Online_Materials/git_folder_dsd/DSD/FPGA_Project/Xilinx_Vivado_Workflow/FSM_Clk/project_1/project_1.srcs/sources_1/new/patten110_Detection.sv:23]
ERROR: [VRFC 10-2989] 'Clk_out' is not declared [D:/BS_ES/DSD/Online_Materials/git_folder_dsd/DSD/FPGA_Project/Xilinx_Vivado_Workflow/FSM_Clk/project_1/project_1.srcs/sources_1/new/patten110_Detection.sv:34]
ERROR: [VRFC 10-8530] module 'sequence_detection' is ignored due to previous errors [D:/BS_ES/DSD/Online_Materials/git_folder_dsd/DSD/FPGA_Project/Xilinx_Vivado_Workflow/FSM_Clk/project_1/project_1.srcs/sources_1/new/patten110_Detection.sv:2]
INFO: [USF-XSim-69] 'compile' step finished in '4' seconds
INFO: [USF-XSim-99] Step results log file:'D:/BS_ES/DSD/Online_Materials/git_folder_dsd/DSD/FPGA_Project/Xilinx_Vivado_Workflow/FSM_Clk/project_1/project_1.sim/sim_1/behav/xsim/xvlog.log'
ERROR: [USF-XSim-62] 'compile' step failed with error(s). Please check the Tcl console output or 'D:/BS_ES/DSD/Online_Materials/git_folder_dsd/DSD/FPGA_Project/Xilinx_Vivado_Workflow/FSM_Clk/project_1/project_1.sim/sim_1/behav/xsim/xvlog.log' file for more information.
ERROR: [Vivado 12-4473] Detected error while running simulation. Please correct the issue and retry this operation.
ERROR: [Common 17-39] 'launch_simulation' failed due to earlier errors.
reset_run synth_1
INFO: [Project 1-1161] Replacing file D:/BS_ES/DSD/Online_Materials/git_folder_dsd/DSD/FPGA_Project/Xilinx_Vivado_Workflow/FSM_Clk/project_1/project_1.srcs/utils_1/imports/synth_1/sequence_detection.dcp with file D:/BS_ES/DSD/Online_Materials/git_folder_dsd/DSD/FPGA_Project/Xilinx_Vivado_Workflow/FSM_Clk/project_1/project_1.runs/synth_1/sequence_detection.dcp
launch_runs synth_1 -jobs 8
[Mon Apr 21 10:28:19 2025] Launched synth_1...
Run output will be captured here: D:/BS_ES/DSD/Online_Materials/git_folder_dsd/DSD/FPGA_Project/Xilinx_Vivado_Workflow/FSM_Clk/project_1/project_1.runs/synth_1/runme.log
reset_run synth_1
launch_runs synth_1 -jobs 8
[Mon Apr 21 10:29:24 2025] Launched synth_1...
Run output will be captured here: D:/BS_ES/DSD/Online_Materials/git_folder_dsd/DSD/FPGA_Project/Xilinx_Vivado_Workflow/FSM_Clk/project_1/project_1.runs/synth_1/runme.log
reset_run synth_1
WARNING: [Vivado 12-1017] Problems encountered:
1. Failed to delete one or more files in run directory D:/BS_ES/DSD/Online_Materials/git_folder_dsd/DSD/FPGA_Project/Xilinx_Vivado_Workflow/FSM_Clk/project_1/project_1.runs/synth_1

launch_runs synth_1 -jobs 8
[Mon Apr 21 10:30:01 2025] Launched synth_1...
Run output will be captured here: D:/BS_ES/DSD/Online_Materials/git_folder_dsd/DSD/FPGA_Project/Xilinx_Vivado_Workflow/FSM_Clk/project_1/project_1.runs/synth_1/runme.log
launch_runs impl_1 -jobs 8
[Mon Apr 21 10:32:54 2025] Launched impl_1...
Run output will be captured here: D:/BS_ES/DSD/Online_Materials/git_folder_dsd/DSD/FPGA_Project/Xilinx_Vivado_Workflow/FSM_Clk/project_1/project_1.runs/impl_1/runme.log
launch_runs impl_1 -to_step write_bitstream -jobs 8
[Mon Apr 21 10:34:41 2025] Launched impl_1...
Run output will be captured here: D:/BS_ES/DSD/Online_Materials/git_folder_dsd/DSD/FPGA_Project/Xilinx_Vivado_Workflow/FSM_Clk/project_1/project_1.runs/impl_1/runme.log
open_hw_manager
connect_hw_server -allow_non_jtag
INFO: [Labtools 27-2285] Connecting to hw_server url TCP:localhost:3121
INFO: [Labtools 27-2222] Launching hw_server...
INFO: [Labtools 27-2221] Launch Output:

****** Xilinx hw_server v2022.2
  **** Build date : Oct 14 2022 at 05:18:10
    ** Copyright 1986-2022 Xilinx, Inc. All Rights Reserved.


INFO: [Labtools 27-3415] Connecting to cs_server url TCP:localhost:0
INFO: [Labtools 27-3417] Launching cs_server...
INFO: [Labtools 27-2221] Launch Output:


******** Xilinx cs_server v2022.2.0
  ****** Build date   : Oct 05 2022-04:55:37
    **** Build number : 2022.2.1664925937
      ** Copyright 2017-2025 Xilinx, Inc. All Rights Reserved.



connect_hw_server: Time (s): cpu = 00:00:01 ; elapsed = 00:00:09 . Memory (MB): peak = 1206.305 ; gain = 0.000
open_hw_target
INFO: [Labtoolstcl 44-466] Opening hw_target localhost:3121/xilinx_tcf/Digilent/003017B48A49A
open_hw_target: Time (s): cpu = 00:00:07 ; elapsed = 00:00:13 . Memory (MB): peak = 3375.160 ; gain = 2168.855
set_property PROGRAM.FILE {D:/BS_ES/DSD/Online_Materials/git_folder_dsd/DSD/FPGA_Project/Xilinx_Vivado_Workflow/FSM_Clk/project_1/project_1.runs/impl_1/sequence_detection.bit} [get_hw_devices xc7z020_1]
current_hw_device [get_hw_devices xc7z020_1]
refresh_hw_device -update_hw_probes false [lindex [get_hw_devices xc7z020_1] 0]
INFO: [Labtools 27-1435] Device xc7z020 (JTAG device index = 1) is not programmed (DONE status = 0).
set_property PROBES.FILE {} [get_hw_devices xc7z020_1]
set_property FULL_PROBES.FILE {} [get_hw_devices xc7z020_1]
set_property PROGRAM.FILE {D:/BS_ES/DSD/Online_Materials/git_folder_dsd/DSD/FPGA_Project/Xilinx_Vivado_Workflow/FSM_Clk/project_1/project_1.runs/impl_1/sequence_detection.bit} [get_hw_devices xc7z020_1]
program_hw_devices [get_hw_devices xc7z020_1]
INFO: [Labtools 27-3164] End of startup status: HIGH
refresh_hw_device [lindex [get_hw_devices xc7z020_1] 0]
INFO: [Labtools 27-1434] Device xc7z020 (JTAG device index = 1) is programmed with a design that has no supported debug core(s) in it.
set_property PROBES.FILE {} [get_hw_devices xc7z020_1]
set_property FULL_PROBES.FILE {} [get_hw_devices xc7z020_1]
set_property PROGRAM.FILE {D:/BS_ES/DSD/Online_Materials/git_folder_dsd/DSD/FPGA_Project/Xilinx_Vivado_Workflow/FSM_Clk/project_1/project_1.runs/impl_1/sequence_detection.bit} [get_hw_devices xc7z020_1]
program_hw_devices [get_hw_devices xc7z020_1]
INFO: [Labtools 27-3164] End of startup status: HIGH
refresh_hw_device [lindex [get_hw_devices xc7z020_1] 0]
INFO: [Labtools 27-1434] Device xc7z020 (JTAG device index = 1) is programmed with a design that has no supported debug core(s) in it.
reset_run synth_1
INFO: [Project 1-1161] Replacing file D:/BS_ES/DSD/Online_Materials/git_folder_dsd/DSD/FPGA_Project/Xilinx_Vivado_Workflow/FSM_Clk/project_1/project_1.srcs/utils_1/imports/synth_1/sequence_detection.dcp with file D:/BS_ES/DSD/Online_Materials/git_folder_dsd/DSD/FPGA_Project/Xilinx_Vivado_Workflow/FSM_Clk/project_1/project_1.runs/synth_1/sequence_detection.dcp
WARNING: [Vivado 12-1017] Problems encountered:
1. Failed to delete one or more files in run directory D:/BS_ES/DSD/Online_Materials/git_folder_dsd/DSD/FPGA_Project/Xilinx_Vivado_Workflow/FSM_Clk/project_1/project_1.runs/synth_1

launch_runs impl_1 -to_step write_bitstream -jobs 8
[Mon Apr 21 10:37:40 2025] Launched synth_1...
Run output will be captured here: D:/BS_ES/DSD/Online_Materials/git_folder_dsd/DSD/FPGA_Project/Xilinx_Vivado_Workflow/FSM_Clk/project_1/project_1.runs/synth_1/runme.log
[Mon Apr 21 10:37:40 2025] Launched impl_1...
Run output will be captured here: D:/BS_ES/DSD/Online_Materials/git_folder_dsd/DSD/FPGA_Project/Xilinx_Vivado_Workflow/FSM_Clk/project_1/project_1.runs/impl_1/runme.log
open_run impl_1
INFO: [Device 21-403] Loading part xc7z020clg400-1
Netlist sorting complete. Time (s): cpu = 00:00:00 ; elapsed = 00:00:00 . Memory (MB): peak = 3803.266 ; gain = 0.000
INFO: [Netlist 29-17] Analyzing 5 Unisim elements for replacement
INFO: [Netlist 29-28] Unisim Transformation completed in 0 CPU seconds
INFO: [Project 1-479] Netlist was created with Vivado 2022.2
INFO: [Project 1-570] Preparing netlist for logic optimization
INFO: [Timing 38-478] Restoring timing data from binary archive.
INFO: [Timing 38-479] Binary timing data restore complete.
INFO: [Project 1-856] Restoring constraints from binary archive.
INFO: [Project 1-853] Binary constraint restore complete.
Reading XDEF placement.
Reading placer database...
Reading XDEF routing.
Read XDEF Files: Time (s): cpu = 00:00:00 ; elapsed = 00:00:00.051 . Memory (MB): peak = 4476.668 ; gain = 0.000
Restored from archive | CPU: 0.000000 secs | Memory: 0.000000 MB |
Finished XDEF File Restore: Time (s): cpu = 00:00:00 ; elapsed = 00:00:00.052 . Memory (MB): peak = 4476.668 ; gain = 0.000
Netlist sorting complete. Time (s): cpu = 00:00:00 ; elapsed = 00:00:00 . Memory (MB): peak = 4476.668 ; gain = 0.000
INFO: [Project 1-111] Unisim Transformation Summary:
No Unisim elements were transformed.

open_run: Time (s): cpu = 00:00:29 ; elapsed = 00:00:24 . Memory (MB): peak = 4630.004 ; gain = 1226.676
set_property PROBES.FILE {} [get_hw_devices xc7z020_1]
set_property FULL_PROBES.FILE {} [get_hw_devices xc7z020_1]
set_property PROGRAM.FILE {D:/BS_ES/DSD/Online_Materials/git_folder_dsd/DSD/FPGA_Project/Xilinx_Vivado_Workflow/FSM_Clk/project_1/project_1.runs/impl_1/sequence_detection.bit} [get_hw_devices xc7z020_1]
program_hw_devices [get_hw_devices xc7z020_1]
INFO: [Labtools 27-3164] End of startup status: HIGH
refresh_hw_device [lindex [get_hw_devices xc7z020_1] 0]
INFO: [Labtools 27-1434] Device xc7z020 (JTAG device index = 1) is programmed with a design that has no supported debug core(s) in it.
ERROR: [Labtoolstcl 44-513] HW Target shutdown. Closing target: localhost:3121/xilinx_tcf/Digilent/003017B48A49A
INFO: [Labtoolstcl 44-466] Opening hw_target localhost:3121/xilinx_tcf/Digilent/003017B48A49A
WARNING: [Labtoolstcl 44-129] No matching hw_ila_data was found.
INFO: [Labtools 27-1435] Device xc7z020 (JTAG device index = 1) is not programmed (DONE status = 0).
WARNING: [Labtoolstcl 44-129] No matching hw_ila_data was found.
refresh_hw_device [lindex [get_hw_devices xc7z020_1] 0]
INFO: [Labtools 27-1434] Device xc7z020 (JTAG device index = 1) is programmed with a design that has no supported debug core(s) in it.
set_property PROBES.FILE {} [get_hw_devices xc7z020_1]
set_property FULL_PROBES.FILE {} [get_hw_devices xc7z020_1]
set_property PROGRAM.FILE {D:/BS_ES/DSD/Online_Materials/git_folder_dsd/DSD/FPGA_Project/Xilinx_Vivado_Workflow/FSM_Clk/project_1/project_1.runs/impl_1/sequence_detection.bit} [get_hw_devices xc7z020_1]
program_hw_devices [get_hw_devices xc7z020_1]
INFO: [Labtools 27-3164] End of startup status: HIGH
refresh_hw_device [lindex [get_hw_devices xc7z020_1] 0]
INFO: [Labtools 27-1434] Device xc7z020 (JTAG device index = 1) is programmed with a design that has no supported debug core(s) in it.
reset_run synth_1
INFO: [Project 1-1161] Replacing file D:/BS_ES/DSD/Online_Materials/git_folder_dsd/DSD/FPGA_Project/Xilinx_Vivado_Workflow/FSM_Clk/project_1/project_1.srcs/utils_1/imports/synth_1/sequence_detection.dcp with file D:/BS_ES/DSD/Online_Materials/git_folder_dsd/DSD/FPGA_Project/Xilinx_Vivado_Workflow/FSM_Clk/project_1/project_1.runs/synth_1/sequence_detection.dcp
WARNING: [Vivado 12-1017] Problems encountered:
1. Failed to delete one or more files in run directory D:/BS_ES/DSD/Online_Materials/git_folder_dsd/DSD/FPGA_Project/Xilinx_Vivado_Workflow/FSM_Clk/project_1/project_1.runs/synth_1

launch_runs impl_1 -to_step write_bitstream -jobs 8
[Mon Apr 21 10:45:19 2025] Launched synth_1...
Run output will be captured here: D:/BS_ES/DSD/Online_Materials/git_folder_dsd/DSD/FPGA_Project/Xilinx_Vivado_Workflow/FSM_Clk/project_1/project_1.runs/synth_1/runme.log
[Mon Apr 21 10:45:19 2025] Launched impl_1...
Run output will be captured here: D:/BS_ES/DSD/Online_Materials/git_folder_dsd/DSD/FPGA_Project/Xilinx_Vivado_Workflow/FSM_Clk/project_1/project_1.runs/impl_1/runme.log
set_property PROBES.FILE {} [get_hw_devices xc7z020_1]
set_property FULL_PROBES.FILE {} [get_hw_devices xc7z020_1]
set_property PROGRAM.FILE {D:/BS_ES/DSD/Online_Materials/git_folder_dsd/DSD/FPGA_Project/Xilinx_Vivado_Workflow/FSM_Clk/project_1/project_1.runs/impl_1/sequence_detection.bit} [get_hw_devices xc7z020_1]
program_hw_devices [get_hw_devices xc7z020_1]
INFO: [Labtools 27-3164] End of startup status: HIGH
refresh_hw_device [lindex [get_hw_devices xc7z020_1] 0]
INFO: [Labtools 27-1434] Device xc7z020 (JTAG device index = 1) is programmed with a design that has no supported debug core(s) in it.
close_project
exit
INFO: [Common 17-206] Exiting Vivado at Mon Apr 21 11:23:24 2025...
