
*** Running vivado
    with args -log design_1_wrapper.vdi -applog -m64 -product Vivado -messageDb vivado.pb -mode batch -source design_1_wrapper.tcl -notrace



****** Vivado v2022.2 (64-bit)
  **** SW Build 3671981 on Fri Oct 14 05:00:03 MDT 2022
  **** IP Build 3669848 on Fri Oct 14 08:30:02 MDT 2022
    ** Copyright 1986-2022 Xilinx, Inc. All Rights Reserved.

source design_1_wrapper.tcl -notrace
INFO: [IP_Flow 19-234] Refreshing IP repositories
INFO: [IP_Flow 19-1700] Loaded user IP repository 'e:/DSD/FPGA_Implementation_PyNQ_Z1/Xilinx_Vivado_Workflow/FSM_Clk/ip_repo/myip_1_0'.
INFO: [IP_Flow 19-2313] Loaded Vivado IP repository 'C:/Xilinx/Vivado/2022.2/data/ip'.
WARNING: [IP_Flow 19-4995] The host OS only allows 260 characters in a normal path. The IP cache path is more than 80 characters. If you experience issues with IP caching, please consider changing the IP cache to a location with a shorter path. Alternately consider using the OS subst command to map part of the path to a drive letter. 
Current IP cache path is E:/DSD/FPGA_Implementation_PyNQ_Z1/Xilinx_Vivado_Workflow/FSM_Clk/project_2/project_2.cache/ip 
Command: link_design -top design_1_wrapper -part xc7z020clg400-1
Design is defaulting to srcset: sources_1
Design is defaulting to constrset: constrs_1
INFO: [Device 21-403] Loading part xc7z020clg400-1
INFO: [Project 1-454] Reading design checkpoint 'e:/DSD/FPGA_Implementation_PyNQ_Z1/Xilinx_Vivado_Workflow/FSM_Clk/project_2/project_2.gen/sources_1/bd/design_1/ip/design_1_myip_0_0/design_1_myip_0_0.dcp' for cell 'design_1_i/myip_0'
INFO: [Project 1-454] Reading design checkpoint 'e:/DSD/FPGA_Implementation_PyNQ_Z1/Xilinx_Vivado_Workflow/FSM_Clk/project_2/project_2.gen/sources_1/bd/design_1/ip/design_1_processing_system7_0_0/design_1_processing_system7_0_0.dcp' for cell 'design_1_i/processing_system7_0'
INFO: [Project 1-454] Reading design checkpoint 'e:/DSD/FPGA_Implementation_PyNQ_Z1/Xilinx_Vivado_Workflow/FSM_Clk/project_2/project_2.gen/sources_1/bd/design_1/ip/design_1_rst_ps7_0_50M_0/design_1_rst_ps7_0_50M_0.dcp' for cell 'design_1_i/rst_ps7_0_50M'
INFO: [Project 1-454] Reading design checkpoint 'e:/DSD/FPGA_Implementation_PyNQ_Z1/Xilinx_Vivado_Workflow/FSM_Clk/project_2/project_2.gen/sources_1/bd/design_1/ip/design_1_auto_pc_0/design_1_auto_pc_0.dcp' for cell 'design_1_i/ps7_0_axi_periph/s00_couplers/auto_pc'
Netlist sorting complete. Time (s): cpu = 00:00:00 ; elapsed = 00:00:00.069 . Memory (MB): peak = 858.965 ; gain = 0.000
INFO: [Netlist 29-17] Analyzing 26 Unisim elements for replacement
INFO: [Netlist 29-28] Unisim Transformation completed in 0 CPU seconds
INFO: [Project 1-479] Netlist was created with Vivado 2022.2
INFO: [Project 1-570] Preparing netlist for logic optimization
Parsing XDC File [e:/DSD/FPGA_Implementation_PyNQ_Z1/Xilinx_Vivado_Workflow/FSM_Clk/project_2/project_2.gen/sources_1/bd/design_1/ip/design_1_processing_system7_0_0/design_1_processing_system7_0_0.xdc] for cell 'design_1_i/processing_system7_0/inst'
Finished Parsing XDC File [e:/DSD/FPGA_Implementation_PyNQ_Z1/Xilinx_Vivado_Workflow/FSM_Clk/project_2/project_2.gen/sources_1/bd/design_1/ip/design_1_processing_system7_0_0/design_1_processing_system7_0_0.xdc] for cell 'design_1_i/processing_system7_0/inst'
Parsing XDC File [e:/DSD/FPGA_Implementation_PyNQ_Z1/Xilinx_Vivado_Workflow/FSM_Clk/project_2/project_2.gen/sources_1/bd/design_1/ip/design_1_rst_ps7_0_50M_0/design_1_rst_ps7_0_50M_0_board.xdc] for cell 'design_1_i/rst_ps7_0_50M/U0'
Finished Parsing XDC File [e:/DSD/FPGA_Implementation_PyNQ_Z1/Xilinx_Vivado_Workflow/FSM_Clk/project_2/project_2.gen/sources_1/bd/design_1/ip/design_1_rst_ps7_0_50M_0/design_1_rst_ps7_0_50M_0_board.xdc] for cell 'design_1_i/rst_ps7_0_50M/U0'
Parsing XDC File [e:/DSD/FPGA_Implementation_PyNQ_Z1/Xilinx_Vivado_Workflow/FSM_Clk/project_2/project_2.gen/sources_1/bd/design_1/ip/design_1_rst_ps7_0_50M_0/design_1_rst_ps7_0_50M_0.xdc] for cell 'design_1_i/rst_ps7_0_50M/U0'
Finished Parsing XDC File [e:/DSD/FPGA_Implementation_PyNQ_Z1/Xilinx_Vivado_Workflow/FSM_Clk/project_2/project_2.gen/sources_1/bd/design_1/ip/design_1_rst_ps7_0_50M_0/design_1_rst_ps7_0_50M_0.xdc] for cell 'design_1_i/rst_ps7_0_50M/U0'
INFO: [Opt 31-138] Pushed 0 inverter(s) to 0 load pin(s).
Netlist sorting complete. Time (s): cpu = 00:00:00 ; elapsed = 00:00:00.001 . Memory (MB): peak = 1005.176 ; gain = 0.000
INFO: [Project 1-111] Unisim Transformation Summary:
No Unisim elements were transformed.

14 Infos, 1 Warnings, 0 Critical Warnings and 0 Errors encountered.
link_design completed successfully
link_design: Time (s): cpu = 00:00:08 ; elapsed = 00:00:10 . Memory (MB): peak = 1005.176 ; gain = 569.207
Command: opt_design
Attempting to get a license for feature 'Implementation' and/or device 'xc7z020'
INFO: [Common 17-349] Got license for feature 'Implementation' and/or device 'xc7z020'
Running DRC as a precondition to command opt_design

Starting DRC Task
INFO: [DRC 23-27] Running DRC with 2 threads
ERROR: [DRC MDRV-1] Multiple Driver Nets: Net design_1_i/myip_0/inst/myip_v1_0_S00_AXI_inst/slv_reg0[0] has multiple drivers: design_1_i/myip_0/inst/myip_v1_0_S00_AXI_inst/slv_reg0_reg[0]__0/Q, and design_1_i/myip_0/inst/myip_v1_0_S00_AXI_inst/slv_reg0_reg[0]/Q.
ERROR: [DRC MDRV-1] Multiple Driver Nets: Net design_1_i/myip_0/inst/myip_v1_0_S00_AXI_inst/slv_reg0[10] has multiple drivers: design_1_i/myip_0/inst/myip_v1_0_S00_AXI_inst/slv_reg0_reg[10]__0/Q, and design_1_i/myip_0/inst/myip_v1_0_S00_AXI_inst/slv_reg0_reg[10]/Q.
ERROR: [DRC MDRV-1] Multiple Driver Nets: Net design_1_i/myip_0/inst/myip_v1_0_S00_AXI_inst/slv_reg0[11] has multiple drivers: design_1_i/myip_0/inst/myip_v1_0_S00_AXI_inst/slv_reg0_reg[11]__0/Q, and design_1_i/myip_0/inst/myip_v1_0_S00_AXI_inst/slv_reg0_reg[11]/Q.
ERROR: [DRC MDRV-1] Multiple Driver Nets: Net design_1_i/myip_0/inst/myip_v1_0_S00_AXI_inst/slv_reg0[12] has multiple drivers: design_1_i/myip_0/inst/myip_v1_0_S00_AXI_inst/slv_reg0_reg[12]/Q, and design_1_i/myip_0/inst/myip_v1_0_S00_AXI_inst/slv_reg0_reg[12]__0/Q.
ERROR: [DRC MDRV-1] Multiple Driver Nets: Net design_1_i/myip_0/inst/myip_v1_0_S00_AXI_inst/slv_reg0[13] has multiple drivers: design_1_i/myip_0/inst/myip_v1_0_S00_AXI_inst/slv_reg0_reg[13]/Q, and design_1_i/myip_0/inst/myip_v1_0_S00_AXI_inst/slv_reg0_reg[13]__0/Q.
ERROR: [DRC MDRV-1] Multiple Driver Nets: Net design_1_i/myip_0/inst/myip_v1_0_S00_AXI_inst/slv_reg0[14] has multiple drivers: design_1_i/myip_0/inst/myip_v1_0_S00_AXI_inst/slv_reg0_reg[14]/Q, and design_1_i/myip_0/inst/myip_v1_0_S00_AXI_inst/slv_reg0_reg[14]__0/Q.
ERROR: [DRC MDRV-1] Multiple Driver Nets: Net design_1_i/myip_0/inst/myip_v1_0_S00_AXI_inst/slv_reg0[15] has multiple drivers: design_1_i/myip_0/inst/myip_v1_0_S00_AXI_inst/slv_reg0_reg[15]__0/Q, and design_1_i/myip_0/inst/myip_v1_0_S00_AXI_inst/slv_reg0_reg[15]/Q.
ERROR: [DRC MDRV-1] Multiple Driver Nets: Net design_1_i/myip_0/inst/myip_v1_0_S00_AXI_inst/slv_reg0[16] has multiple drivers: design_1_i/myip_0/inst/myip_v1_0_S00_AXI_inst/slv_reg0_reg[16]/Q, and design_1_i/myip_0/inst/myip_v1_0_S00_AXI_inst/slv_reg0_reg[16]__0/Q.
ERROR: [DRC MDRV-1] Multiple Driver Nets: Net design_1_i/myip_0/inst/myip_v1_0_S00_AXI_inst/slv_reg0[17] has multiple drivers: design_1_i/myip_0/inst/myip_v1_0_S00_AXI_inst/slv_reg0_reg[17]__0/Q, and design_1_i/myip_0/inst/myip_v1_0_S00_AXI_inst/slv_reg0_reg[17]/Q.
ERROR: [DRC MDRV-1] Multiple Driver Nets: Net design_1_i/myip_0/inst/myip_v1_0_S00_AXI_inst/slv_reg0[18] has multiple drivers: design_1_i/myip_0/inst/myip_v1_0_S00_AXI_inst/slv_reg0_reg[18]/Q, and design_1_i/myip_0/inst/myip_v1_0_S00_AXI_inst/slv_reg0_reg[18]__0/Q.
ERROR: [DRC MDRV-1] Multiple Driver Nets: Net design_1_i/myip_0/inst/myip_v1_0_S00_AXI_inst/slv_reg0[19] has multiple drivers: design_1_i/myip_0/inst/myip_v1_0_S00_AXI_inst/slv_reg0_reg[19]/Q, and design_1_i/myip_0/inst/myip_v1_0_S00_AXI_inst/slv_reg0_reg[19]__0/Q.
ERROR: [DRC MDRV-1] Multiple Driver Nets: Net design_1_i/myip_0/inst/myip_v1_0_S00_AXI_inst/slv_reg0[1] has multiple drivers: design_1_i/myip_0/inst/myip_v1_0_S00_AXI_inst/slv_reg0_reg[1]__0/Q, and design_1_i/myip_0/inst/myip_v1_0_S00_AXI_inst/slv_reg0_reg[1]/Q.
ERROR: [DRC MDRV-1] Multiple Driver Nets: Net design_1_i/myip_0/inst/myip_v1_0_S00_AXI_inst/slv_reg0[20] has multiple drivers: design_1_i/myip_0/inst/myip_v1_0_S00_AXI_inst/slv_reg0_reg[20]__0/Q, and design_1_i/myip_0/inst/myip_v1_0_S00_AXI_inst/slv_reg0_reg[20]/Q.
ERROR: [DRC MDRV-1] Multiple Driver Nets: Net design_1_i/myip_0/inst/myip_v1_0_S00_AXI_inst/slv_reg0[21] has multiple drivers: design_1_i/myip_0/inst/myip_v1_0_S00_AXI_inst/slv_reg0_reg[21]__0/Q, and design_1_i/myip_0/inst/myip_v1_0_S00_AXI_inst/slv_reg0_reg[21]/Q.
ERROR: [DRC MDRV-1] Multiple Driver Nets: Net design_1_i/myip_0/inst/myip_v1_0_S00_AXI_inst/slv_reg0[22] has multiple drivers: design_1_i/myip_0/inst/myip_v1_0_S00_AXI_inst/slv_reg0_reg[22]/Q, and design_1_i/myip_0/inst/myip_v1_0_S00_AXI_inst/slv_reg0_reg[22]__0/Q.
ERROR: [DRC MDRV-1] Multiple Driver Nets: Net design_1_i/myip_0/inst/myip_v1_0_S00_AXI_inst/slv_reg0[23] has multiple drivers: design_1_i/myip_0/inst/myip_v1_0_S00_AXI_inst/slv_reg0_reg[23]/Q, and design_1_i/myip_0/inst/myip_v1_0_S00_AXI_inst/slv_reg0_reg[23]__0/Q.
ERROR: [DRC MDRV-1] Multiple Driver Nets: Net design_1_i/myip_0/inst/myip_v1_0_S00_AXI_inst/slv_reg0[24] has multiple drivers: design_1_i/myip_0/inst/myip_v1_0_S00_AXI_inst/slv_reg0_reg[24]/Q, and design_1_i/myip_0/inst/myip_v1_0_S00_AXI_inst/slv_reg0_reg[24]__0/Q.
ERROR: [DRC MDRV-1] Multiple Driver Nets: Net design_1_i/myip_0/inst/myip_v1_0_S00_AXI_inst/slv_reg0[25] has multiple drivers: design_1_i/myip_0/inst/myip_v1_0_S00_AXI_inst/slv_reg0_reg[25]/Q, and design_1_i/myip_0/inst/myip_v1_0_S00_AXI_inst/slv_reg0_reg[25]__0/Q.
ERROR: [DRC MDRV-1] Multiple Driver Nets: Net design_1_i/myip_0/inst/myip_v1_0_S00_AXI_inst/slv_reg0[26] has multiple drivers: design_1_i/myip_0/inst/myip_v1_0_S00_AXI_inst/slv_reg0_reg[26]__0/Q, and design_1_i/myip_0/inst/myip_v1_0_S00_AXI_inst/slv_reg0_reg[26]/Q.
ERROR: [DRC MDRV-1] Multiple Driver Nets: Net design_1_i/myip_0/inst/myip_v1_0_S00_AXI_inst/slv_reg0[27] has multiple drivers: design_1_i/myip_0/inst/myip_v1_0_S00_AXI_inst/slv_reg0_reg[27]__0/Q, and design_1_i/myip_0/inst/myip_v1_0_S00_AXI_inst/slv_reg0_reg[27]/Q.
ERROR: [DRC MDRV-1] Multiple Driver Nets: Net design_1_i/myip_0/inst/myip_v1_0_S00_AXI_inst/slv_reg0[28] has multiple drivers: design_1_i/myip_0/inst/myip_v1_0_S00_AXI_inst/slv_reg0_reg[28]__0/Q, and design_1_i/myip_0/inst/myip_v1_0_S00_AXI_inst/slv_reg0_reg[28]/Q.
ERROR: [DRC MDRV-1] Multiple Driver Nets: Net design_1_i/myip_0/inst/myip_v1_0_S00_AXI_inst/slv_reg0[29] has multiple drivers: design_1_i/myip_0/inst/myip_v1_0_S00_AXI_inst/slv_reg0_reg[29]__0/Q, and design_1_i/myip_0/inst/myip_v1_0_S00_AXI_inst/slv_reg0_reg[29]/Q.
ERROR: [DRC MDRV-1] Multiple Driver Nets: Net design_1_i/myip_0/inst/myip_v1_0_S00_AXI_inst/slv_reg0[2] has multiple drivers: design_1_i/myip_0/inst/myip_v1_0_S00_AXI_inst/slv_reg0_reg[2]/Q, and design_1_i/myip_0/inst/myip_v1_0_S00_AXI_inst/slv_reg0_reg[2]__0/Q.
ERROR: [DRC MDRV-1] Multiple Driver Nets: Net design_1_i/myip_0/inst/myip_v1_0_S00_AXI_inst/slv_reg0[30] has multiple drivers: design_1_i/myip_0/inst/myip_v1_0_S00_AXI_inst/slv_reg0_reg[30]__0/Q, and design_1_i/myip_0/inst/myip_v1_0_S00_AXI_inst/slv_reg0_reg[30]/Q.
ERROR: [DRC MDRV-1] Multiple Driver Nets: Net design_1_i/myip_0/inst/myip_v1_0_S00_AXI_inst/slv_reg0[31] has multiple drivers: design_1_i/myip_0/inst/myip_v1_0_S00_AXI_inst/slv_reg0_reg[31]__0/Q, and design_1_i/myip_0/inst/myip_v1_0_S00_AXI_inst/slv_reg0_reg[31]/Q.
ERROR: [DRC MDRV-1] Multiple Driver Nets: Net design_1_i/myip_0/inst/myip_v1_0_S00_AXI_inst/slv_reg0[3] has multiple drivers: design_1_i/myip_0/inst/myip_v1_0_S00_AXI_inst/slv_reg0_reg[3]__0/Q, and design_1_i/myip_0/inst/myip_v1_0_S00_AXI_inst/slv_reg0_reg[3]/Q.
ERROR: [DRC MDRV-1] Multiple Driver Nets: Net design_1_i/myip_0/inst/myip_v1_0_S00_AXI_inst/slv_reg0[4] has multiple drivers: design_1_i/myip_0/inst/myip_v1_0_S00_AXI_inst/slv_reg0_reg[4]__0/Q, and design_1_i/myip_0/inst/myip_v1_0_S00_AXI_inst/slv_reg0_reg[4]/Q.
ERROR: [DRC MDRV-1] Multiple Driver Nets: Net design_1_i/myip_0/inst/myip_v1_0_S00_AXI_inst/slv_reg0[5] has multiple drivers: design_1_i/myip_0/inst/myip_v1_0_S00_AXI_inst/slv_reg0_reg[5]__0/Q, and design_1_i/myip_0/inst/myip_v1_0_S00_AXI_inst/slv_reg0_reg[5]/Q.
ERROR: [DRC MDRV-1] Multiple Driver Nets: Net design_1_i/myip_0/inst/myip_v1_0_S00_AXI_inst/slv_reg0[6] has multiple drivers: design_1_i/myip_0/inst/myip_v1_0_S00_AXI_inst/slv_reg0_reg[6]/Q, and design_1_i/myip_0/inst/myip_v1_0_S00_AXI_inst/slv_reg0_reg[6]__0/Q.
ERROR: [DRC MDRV-1] Multiple Driver Nets: Net design_1_i/myip_0/inst/myip_v1_0_S00_AXI_inst/slv_reg0[7] has multiple drivers: design_1_i/myip_0/inst/myip_v1_0_S00_AXI_inst/slv_reg0_reg[7]/Q, and design_1_i/myip_0/inst/myip_v1_0_S00_AXI_inst/slv_reg0_reg[7]__0/Q.
ERROR: [DRC MDRV-1] Multiple Driver Nets: Net design_1_i/myip_0/inst/myip_v1_0_S00_AXI_inst/slv_reg0[8] has multiple drivers: design_1_i/myip_0/inst/myip_v1_0_S00_AXI_inst/slv_reg0_reg[8]/Q, and design_1_i/myip_0/inst/myip_v1_0_S00_AXI_inst/slv_reg0_reg[8]__0/Q.
ERROR: [DRC MDRV-1] Multiple Driver Nets: Net design_1_i/myip_0/inst/myip_v1_0_S00_AXI_inst/slv_reg0[9] has multiple drivers: design_1_i/myip_0/inst/myip_v1_0_S00_AXI_inst/slv_reg0_reg[9]/Q, and design_1_i/myip_0/inst/myip_v1_0_S00_AXI_inst/slv_reg0_reg[9]__0/Q.
ERROR: [DRC MDRV-1] Multiple Driver Nets: Net design_1_i/myip_0/inst/myip_v1_0_S00_AXI_inst/slv_reg1[0] has multiple drivers: design_1_i/myip_0/inst/myip_v1_0_S00_AXI_inst/slv_reg1_reg[0]/Q, and design_1_i/myip_0/inst/myip_v1_0_S00_AXI_inst/slv_reg1_reg[0]__0/Q.
ERROR: [DRC MDRV-1] Multiple Driver Nets: Net design_1_i/myip_0/inst/myip_v1_0_S00_AXI_inst/slv_reg1[10] has multiple drivers: design_1_i/myip_0/inst/myip_v1_0_S00_AXI_inst/slv_reg1_reg[10]__0/Q, and design_1_i/myip_0/inst/myip_v1_0_S00_AXI_inst/slv_reg1_reg[10]/Q.
ERROR: [DRC MDRV-1] Multiple Driver Nets: Net design_1_i/myip_0/inst/myip_v1_0_S00_AXI_inst/slv_reg1[11] has multiple drivers: design_1_i/myip_0/inst/myip_v1_0_S00_AXI_inst/slv_reg1_reg[11]__0/Q, and design_1_i/myip_0/inst/myip_v1_0_S00_AXI_inst/slv_reg1_reg[11]/Q.
ERROR: [DRC MDRV-1] Multiple Driver Nets: Net design_1_i/myip_0/inst/myip_v1_0_S00_AXI_inst/slv_reg1[12] has multiple drivers: design_1_i/myip_0/inst/myip_v1_0_S00_AXI_inst/slv_reg1_reg[12]/Q, and design_1_i/myip_0/inst/myip_v1_0_S00_AXI_inst/slv_reg1_reg[12]__0/Q.
ERROR: [DRC MDRV-1] Multiple Driver Nets: Net design_1_i/myip_0/inst/myip_v1_0_S00_AXI_inst/slv_reg1[13] has multiple drivers: design_1_i/myip_0/inst/myip_v1_0_S00_AXI_inst/slv_reg1_reg[13]__0/Q, and design_1_i/myip_0/inst/myip_v1_0_S00_AXI_inst/slv_reg1_reg[13]/Q.
ERROR: [DRC MDRV-1] Multiple Driver Nets: Net design_1_i/myip_0/inst/myip_v1_0_S00_AXI_inst/slv_reg1[14] has multiple drivers: design_1_i/myip_0/inst/myip_v1_0_S00_AXI_inst/slv_reg1_reg[14]__0/Q, and design_1_i/myip_0/inst/myip_v1_0_S00_AXI_inst/slv_reg1_reg[14]/Q.
ERROR: [DRC MDRV-1] Multiple Driver Nets: Net design_1_i/myip_0/inst/myip_v1_0_S00_AXI_inst/slv_reg1[15] has multiple drivers: design_1_i/myip_0/inst/myip_v1_0_S00_AXI_inst/slv_reg1_reg[15]/Q, and design_1_i/myip_0/inst/myip_v1_0_S00_AXI_inst/slv_reg1_reg[15]__0/Q.
ERROR: [DRC MDRV-1] Multiple Driver Nets: Net design_1_i/myip_0/inst/myip_v1_0_S00_AXI_inst/slv_reg1[16] has multiple drivers: design_1_i/myip_0/inst/myip_v1_0_S00_AXI_inst/slv_reg1_reg[16]__0/Q, and design_1_i/myip_0/inst/myip_v1_0_S00_AXI_inst/slv_reg1_reg[16]/Q.
ERROR: [DRC MDRV-1] Multiple Driver Nets: Net design_1_i/myip_0/inst/myip_v1_0_S00_AXI_inst/slv_reg1[17] has multiple drivers: design_1_i/myip_0/inst/myip_v1_0_S00_AXI_inst/slv_reg1_reg[17]__0/Q, and design_1_i/myip_0/inst/myip_v1_0_S00_AXI_inst/slv_reg1_reg[17]/Q.
ERROR: [DRC MDRV-1] Multiple Driver Nets: Net design_1_i/myip_0/inst/myip_v1_0_S00_AXI_inst/slv_reg1[18] has multiple drivers: design_1_i/myip_0/inst/myip_v1_0_S00_AXI_inst/slv_reg1_reg[18]/Q, and design_1_i/myip_0/inst/myip_v1_0_S00_AXI_inst/slv_reg1_reg[18]__0/Q.
ERROR: [DRC MDRV-1] Multiple Driver Nets: Net design_1_i/myip_0/inst/myip_v1_0_S00_AXI_inst/slv_reg1[19] has multiple drivers: design_1_i/myip_0/inst/myip_v1_0_S00_AXI_inst/slv_reg1_reg[19]__0/Q, and design_1_i/myip_0/inst/myip_v1_0_S00_AXI_inst/slv_reg1_reg[19]/Q.
ERROR: [DRC MDRV-1] Multiple Driver Nets: Net design_1_i/myip_0/inst/myip_v1_0_S00_AXI_inst/slv_reg1[1] has multiple drivers: design_1_i/myip_0/inst/myip_v1_0_S00_AXI_inst/slv_reg1_reg[1]__0/Q, and design_1_i/myip_0/inst/myip_v1_0_S00_AXI_inst/slv_reg1_reg[1]/Q.
ERROR: [DRC MDRV-1] Multiple Driver Nets: Net design_1_i/myip_0/inst/myip_v1_0_S00_AXI_inst/slv_reg1[20] has multiple drivers: design_1_i/myip_0/inst/myip_v1_0_S00_AXI_inst/slv_reg1_reg[20]/Q, and design_1_i/myip_0/inst/myip_v1_0_S00_AXI_inst/slv_reg1_reg[20]__0/Q.
ERROR: [DRC MDRV-1] Multiple Driver Nets: Net design_1_i/myip_0/inst/myip_v1_0_S00_AXI_inst/slv_reg1[21] has multiple drivers: design_1_i/myip_0/inst/myip_v1_0_S00_AXI_inst/slv_reg1_reg[21]/Q, and design_1_i/myip_0/inst/myip_v1_0_S00_AXI_inst/slv_reg1_reg[21]__0/Q.
ERROR: [DRC MDRV-1] Multiple Driver Nets: Net design_1_i/myip_0/inst/myip_v1_0_S00_AXI_inst/slv_reg1[22] has multiple drivers: design_1_i/myip_0/inst/myip_v1_0_S00_AXI_inst/slv_reg1_reg[22]/Q, and design_1_i/myip_0/inst/myip_v1_0_S00_AXI_inst/slv_reg1_reg[22]__0/Q.
ERROR: [DRC MDRV-1] Multiple Driver Nets: Net design_1_i/myip_0/inst/myip_v1_0_S00_AXI_inst/slv_reg1[23] has multiple drivers: design_1_i/myip_0/inst/myip_v1_0_S00_AXI_inst/slv_reg1_reg[23]__0/Q, and design_1_i/myip_0/inst/myip_v1_0_S00_AXI_inst/slv_reg1_reg[23]/Q.
ERROR: [DRC MDRV-1] Multiple Driver Nets: Net design_1_i/myip_0/inst/myip_v1_0_S00_AXI_inst/slv_reg1[24] has multiple drivers: design_1_i/myip_0/inst/myip_v1_0_S00_AXI_inst/slv_reg1_reg[24]/Q, and design_1_i/myip_0/inst/myip_v1_0_S00_AXI_inst/slv_reg1_reg[24]__0/Q.
ERROR: [DRC MDRV-1] Multiple Driver Nets: Net design_1_i/myip_0/inst/myip_v1_0_S00_AXI_inst/slv_reg1[25] has multiple drivers: design_1_i/myip_0/inst/myip_v1_0_S00_AXI_inst/slv_reg1_reg[25]__0/Q, and design_1_i/myip_0/inst/myip_v1_0_S00_AXI_inst/slv_reg1_reg[25]/Q.
ERROR: [DRC MDRV-1] Multiple Driver Nets: Net design_1_i/myip_0/inst/myip_v1_0_S00_AXI_inst/slv_reg1[26] has multiple drivers: design_1_i/myip_0/inst/myip_v1_0_S00_AXI_inst/slv_reg1_reg[26]__0/Q, and design_1_i/myip_0/inst/myip_v1_0_S00_AXI_inst/slv_reg1_reg[26]/Q.
ERROR: [DRC MDRV-1] Multiple Driver Nets: Net design_1_i/myip_0/inst/myip_v1_0_S00_AXI_inst/slv_reg1[27] has multiple drivers: design_1_i/myip_0/inst/myip_v1_0_S00_AXI_inst/slv_reg1_reg[27]__0/Q, and design_1_i/myip_0/inst/myip_v1_0_S00_AXI_inst/slv_reg1_reg[27]/Q.
ERROR: [DRC MDRV-1] Multiple Driver Nets: Net design_1_i/myip_0/inst/myip_v1_0_S00_AXI_inst/slv_reg1[28] has multiple drivers: design_1_i/myip_0/inst/myip_v1_0_S00_AXI_inst/slv_reg1_reg[28]/Q, and design_1_i/myip_0/inst/myip_v1_0_S00_AXI_inst/slv_reg1_reg[28]__0/Q.
ERROR: [DRC MDRV-1] Multiple Driver Nets: Net design_1_i/myip_0/inst/myip_v1_0_S00_AXI_inst/slv_reg1[29] has multiple drivers: design_1_i/myip_0/inst/myip_v1_0_S00_AXI_inst/slv_reg1_reg[29]/Q, and design_1_i/myip_0/inst/myip_v1_0_S00_AXI_inst/slv_reg1_reg[29]__0/Q.
ERROR: [DRC MDRV-1] Multiple Driver Nets: Net design_1_i/myip_0/inst/myip_v1_0_S00_AXI_inst/slv_reg1[2] has multiple drivers: design_1_i/myip_0/inst/myip_v1_0_S00_AXI_inst/slv_reg1_reg[2]/Q, and design_1_i/myip_0/inst/myip_v1_0_S00_AXI_inst/slv_reg1_reg[2]__0/Q.
ERROR: [DRC MDRV-1] Multiple Driver Nets: Net design_1_i/myip_0/inst/myip_v1_0_S00_AXI_inst/slv_reg1[30] has multiple drivers: design_1_i/myip_0/inst/myip_v1_0_S00_AXI_inst/slv_reg1_reg[30]__0/Q, and design_1_i/myip_0/inst/myip_v1_0_S00_AXI_inst/slv_reg1_reg[30]/Q.
ERROR: [DRC MDRV-1] Multiple Driver Nets: Net design_1_i/myip_0/inst/myip_v1_0_S00_AXI_inst/slv_reg1[31] has multiple drivers: design_1_i/myip_0/inst/myip_v1_0_S00_AXI_inst/slv_reg1_reg[31]__0/Q, and design_1_i/myip_0/inst/myip_v1_0_S00_AXI_inst/slv_reg1_reg[31]/Q.
ERROR: [DRC MDRV-1] Multiple Driver Nets: Net design_1_i/myip_0/inst/myip_v1_0_S00_AXI_inst/slv_reg1[3] has multiple drivers: design_1_i/myip_0/inst/myip_v1_0_S00_AXI_inst/slv_reg1_reg[3]__0/Q, and design_1_i/myip_0/inst/myip_v1_0_S00_AXI_inst/slv_reg1_reg[3]/Q.
ERROR: [DRC MDRV-1] Multiple Driver Nets: Net design_1_i/myip_0/inst/myip_v1_0_S00_AXI_inst/slv_reg1[4] has multiple drivers: design_1_i/myip_0/inst/myip_v1_0_S00_AXI_inst/slv_reg1_reg[4]__0/Q, and design_1_i/myip_0/inst/myip_v1_0_S00_AXI_inst/slv_reg1_reg[4]/Q.
ERROR: [DRC MDRV-1] Multiple Driver Nets: Net design_1_i/myip_0/inst/myip_v1_0_S00_AXI_inst/slv_reg1[5] has multiple drivers: design_1_i/myip_0/inst/myip_v1_0_S00_AXI_inst/slv_reg1_reg[5]/Q, and design_1_i/myip_0/inst/myip_v1_0_S00_AXI_inst/slv_reg1_reg[5]__0/Q.
ERROR: [DRC MDRV-1] Multiple Driver Nets: Net design_1_i/myip_0/inst/myip_v1_0_S00_AXI_inst/slv_reg1[6] has multiple drivers: design_1_i/myip_0/inst/myip_v1_0_S00_AXI_inst/slv_reg1_reg[6]/Q, and design_1_i/myip_0/inst/myip_v1_0_S00_AXI_inst/slv_reg1_reg[6]__0/Q.
ERROR: [DRC MDRV-1] Multiple Driver Nets: Net design_1_i/myip_0/inst/myip_v1_0_S00_AXI_inst/slv_reg1[7] has multiple drivers: design_1_i/myip_0/inst/myip_v1_0_S00_AXI_inst/slv_reg1_reg[7]/Q, and design_1_i/myip_0/inst/myip_v1_0_S00_AXI_inst/slv_reg1_reg[7]__0/Q.
ERROR: [DRC MDRV-1] Multiple Driver Nets: Net design_1_i/myip_0/inst/myip_v1_0_S00_AXI_inst/slv_reg1[8] has multiple drivers: design_1_i/myip_0/inst/myip_v1_0_S00_AXI_inst/slv_reg1_reg[8]/Q, and design_1_i/myip_0/inst/myip_v1_0_S00_AXI_inst/slv_reg1_reg[8]__0/Q.
ERROR: [DRC MDRV-1] Multiple Driver Nets: Net design_1_i/myip_0/inst/myip_v1_0_S00_AXI_inst/slv_reg1[9] has multiple drivers: design_1_i/myip_0/inst/myip_v1_0_S00_AXI_inst/slv_reg1_reg[9]__0/Q, and design_1_i/myip_0/inst/myip_v1_0_S00_AXI_inst/slv_reg1_reg[9]/Q.
INFO: [Project 1-461] DRC finished with 64 Errors
INFO: [Project 1-462] Please refer to the DRC report (report_drc) for more information.
ERROR: [Vivado_Tcl 4-78] Error(s) found during DRC. Opt_design not run.

Time (s): cpu = 00:00:02 ; elapsed = 00:00:01 . Memory (MB): peak = 1029.293 ; gain = 24.117
INFO: [Common 17-83] Releasing license: Implementation
19 Infos, 1 Warnings, 0 Critical Warnings and 65 Errors encountered.
opt_design failed
ERROR: [Common 17-39] 'opt_design' failed due to earlier errors.

INFO: [Common 17-206] Exiting Vivado at Tue May 13 20:00:47 2025...
