Copyright 1986-2022 Xilinx, Inc. All Rights Reserved.
-------------------------------------------------------------------------------------
| Tool Version : Vivado v.2022.2 (win64) Build 3671981 Fri Oct 14 05:00:03 MDT 2022
| Date         : Fri Apr 18 10:37:36 2025
| Host         : LaduNRitu running 64-bit major release  (build 9200)
| Command      : report_control_sets -verbose -file uart_led_control_sets_placed.rpt
| Design       : uart_led
| Device       : xc7z020
-------------------------------------------------------------------------------------

Control Set Information

Table of Contents
-----------------
1. Summary
2. Histogram
3. Flip-Flop Distribution
4. Detailed Control Set Information

1. Summary
----------

+----------------------------------------------------------+-------+
|                          Status                          | Count |
+----------------------------------------------------------+-------+
| Total control sets                                       |     6 |
|    Minimum number of control sets                        |     6 |
|    Addition due to synthesis replication                 |     0 |
|    Addition due to physical synthesis replication        |     0 |
| Unused register locations in slices containing registers |    21 |
+----------------------------------------------------------+-------+
* Control sets can be merged at opt_design using control_set_merge or merge_equivalent_drivers
** Run report_qor_suggestions for automated merging and remapping suggestions


2. Histogram
------------

+--------------------+-------+
|       Fanout       | Count |
+--------------------+-------+
| Total control sets |     6 |
| >= 0 to < 4        |     0 |
| >= 4 to < 6        |     2 |
| >= 6 to < 8        |     1 |
| >= 8 to < 10       |     1 |
| >= 10 to < 12      |     1 |
| >= 12 to < 14      |     0 |
| >= 14 to < 16      |     0 |
| >= 16              |     1 |
+--------------------+-------+
* Control sets can be remapped at either synth_design or opt_design


3. Flip-Flop Distribution
-------------------------

+--------------+-----------------------+------------------------+-----------------+--------------+
| Clock Enable | Synchronous Set/Reset | Asynchronous Set/Reset | Total Registers | Total Slices |
+--------------+-----------------------+------------------------+-----------------+--------------+
| No           | No                    | No                     |              11 |            8 |
| No           | No                    | Yes                    |               0 |            0 |
| No           | Yes                   | No                     |              24 |           11 |
| Yes          | No                    | No                     |               4 |            1 |
| Yes          | No                    | Yes                    |               0 |            0 |
| Yes          | Yes                   | No                     |              12 |            4 |
+--------------+-----------------------+------------------------+-----------------+--------------+


4. Detailed Control Set Information
-----------------------------------

+--------------------+-----------------------------------------------------------+----------------------------------------------------------+------------------+----------------+--------------+
|    Clock Signal    |                       Enable Signal                       |                     Set/Reset Signal                     | Slice Load Count | Bel Load Count | Bels / Slice |
+--------------------+-----------------------------------------------------------+----------------------------------------------------------+------------------+----------------+--------------+
|  clk_pin_IBUF_BUFG | uart_rx_i0/uart_rx_ctl_i0/FSM_sequential_state[1]_i_1_n_0 | meta_harden_rst_i0/rst_clk_rx                            |                2 |              4 |         2.00 |
|  clk_pin_IBUF_BUFG | meta_harden_rst_i0/signal_dst_reg_0[0]                    |                                                          |                1 |              4 |         4.00 |
|  clk_pin_IBUF_BUFG |                                                           | uart_rx_i0/uart_baud_gen_rx_i0/internal_count[6]_i_1_n_0 |                2 |              7 |         3.50 |
|  clk_pin_IBUF_BUFG | uart_rx_i0/uart_rx_ctl_i0/E[0]                            | meta_harden_rst_i0/rst_clk_rx                            |                2 |              8 |         4.00 |
|  clk_pin_IBUF_BUFG |                                                           |                                                          |                8 |             11 |         1.38 |
|  clk_pin_IBUF_BUFG |                                                           | meta_harden_rst_i0/rst_clk_rx                            |                9 |             17 |         1.89 |
+--------------------+-----------------------------------------------------------+----------------------------------------------------------+------------------+----------------+--------------+


