
*** Running vivado
    with args -log sequence_detection.vds -m64 -product Vivado -mode batch -messageDb vivado.pb -notrace -source sequence_detection.tcl



****** Vivado v2022.2 (64-bit)
  **** SW Build 3671981 on Fri Oct 14 05:00:03 MDT 2022
  **** IP Build 3669848 on Fri Oct 14 08:30:02 MDT 2022
    ** Copyright 1986-2022 Xilinx, Inc. All Rights Reserved.

source sequence_detection.tcl -notrace
create_project: Time (s): cpu = 00:00:06 ; elapsed = 00:00:06 . Memory (MB): peak = 394.406 ; gain = 42.449
Command: read_checkpoint -auto_incremental -incremental D:/BS_ES/DSD/Online_Materials/git_folder_dsd/DSD/FPGA_Project/Xilinx_Vivado_Workflow/FSM_Clk/project_2/project_2.srcs/utils_1/imports/synth_1/sequence_detection.dcp
INFO: [Vivado 12-5825] Read reference checkpoint from D:/BS_ES/DSD/Online_Materials/git_folder_dsd/DSD/FPGA_Project/Xilinx_Vivado_Workflow/FSM_Clk/project_2/project_2.srcs/utils_1/imports/synth_1/sequence_detection.dcp for incremental synthesis
INFO: [Vivado 12-7989] Please ensure there are no constraint changes
Command: synth_design -top sequence_detection -part xc7z020clg400-1
Starting synth_design
Attempting to get a license for feature 'Synthesis' and/or device 'xc7z020'
INFO: [Common 17-349] Got license for feature 'Synthesis' and/or device 'xc7z020'
INFO: [Device 21-403] Loading part xc7z020clg400-1
INFO: [Designutils 20-5440] No compile time benefit to using incremental synthesis; A full resynthesis will be run
INFO: [Designutils 20-4379] Flow is switching to default flow due to incremental criteria not met. If you would like to alter this behaviour and have the flow terminate instead, please set the following parameter config_implementation {autoIncr.Synth.RejectBehavior Terminate}
INFO: [Synth 8-7079] Multithreading enabled for synth_design using a maximum of 2 processes.
INFO: [Synth 8-7078] Launching helper process for spawning children vivado processes
INFO: [Synth 8-7075] Helper process launched with PID 21560
INFO: [Synth 8-11241] undeclared symbol 'REGCCE', assumed default net type 'wire' [C:/Xilinx/Vivado/2022.2/data/verilog/src/unimacro/BRAM_SINGLE_MACRO.v:2170]
---------------------------------------------------------------------------------
Starting RTL Elaboration : Time (s): cpu = 00:00:05 ; elapsed = 00:00:05 . Memory (MB): peak = 1264.434 ; gain = 408.383
---------------------------------------------------------------------------------
INFO: [Synth 8-6157] synthesizing module 'sequence_detection' [D:/BS_ES/DSD/Online_Materials/git_folder_dsd/DSD/FPGA_Project/Xilinx_Vivado_Workflow/FSM_Clk/project_2/project_2.srcs/sources_1/new/patten110_Detection.sv:2]
WARNING: [Synth 8-4446] all outputs are unconnected for this instance and logic may be removed [D:/BS_ES/DSD/Online_Materials/git_folder_dsd/DSD/FPGA_Project/Xilinx_Vivado_Workflow/FSM_Clk/project_2/project_2.srcs/sources_1/new/patten110_Detection.sv:81]
INFO: [Synth 8-6157] synthesizing module 'ila_0' [D:/BS_ES/DSD/Online_Materials/git_folder_dsd/DSD/FPGA_Project/Xilinx_Vivado_Workflow/FSM_Clk/project_2/project_2.runs/synth_1/.Xil/Vivado-42676-NPTEL007/realtime/ila_0_stub.v:5]
INFO: [Synth 8-6155] done synthesizing module 'ila_0' (0#1) [D:/BS_ES/DSD/Online_Materials/git_folder_dsd/DSD/FPGA_Project/Xilinx_Vivado_Workflow/FSM_Clk/project_2/project_2.runs/synth_1/.Xil/Vivado-42676-NPTEL007/realtime/ila_0_stub.v:5]
INFO: [Synth 8-6155] done synthesizing module 'sequence_detection' (0#1) [D:/BS_ES/DSD/Online_Materials/git_folder_dsd/DSD/FPGA_Project/Xilinx_Vivado_Workflow/FSM_Clk/project_2/project_2.srcs/sources_1/new/patten110_Detection.sv:2]
INFO: [Synth 8-6071] Mark debug on the nets applies keep_hierarchy on instance 'your_ila_inst'. This will prevent further optimization [D:/BS_ES/DSD/Online_Materials/git_folder_dsd/DSD/FPGA_Project/Xilinx_Vivado_Workflow/FSM_Clk/project_2/project_2.srcs/sources_1/new/patten110_Detection.sv:81]
WARNING: [Synth 8-87] always_comb on 'N_state_reg' did not result in combinational logic [D:/BS_ES/DSD/Online_Materials/git_folder_dsd/DSD/FPGA_Project/Xilinx_Vivado_Workflow/FSM_Clk/project_2/project_2.srcs/sources_1/new/patten110_Detection.sv:51]
---------------------------------------------------------------------------------
Finished RTL Elaboration : Time (s): cpu = 00:00:06 ; elapsed = 00:00:06 . Memory (MB): peak = 1357.977 ; gain = 501.926
---------------------------------------------------------------------------------
---------------------------------------------------------------------------------
Start Handling Custom Attributes
---------------------------------------------------------------------------------
---------------------------------------------------------------------------------
Finished Handling Custom Attributes : Time (s): cpu = 00:00:06 ; elapsed = 00:00:07 . Memory (MB): peak = 1357.977 ; gain = 501.926
---------------------------------------------------------------------------------
---------------------------------------------------------------------------------
Finished RTL Optimization Phase 1 : Time (s): cpu = 00:00:06 ; elapsed = 00:00:07 . Memory (MB): peak = 1357.977 ; gain = 501.926
---------------------------------------------------------------------------------
Netlist sorting complete. Time (s): cpu = 00:00:00 ; elapsed = 00:00:00.001 . Memory (MB): peak = 1357.977 ; gain = 0.000
INFO: [Project 1-570] Preparing netlist for logic optimization

Processing XDC Constraints
Initializing timing engine
Parsing XDC File [d:/BS_ES/DSD/Online_Materials/git_folder_dsd/DSD/FPGA_Project/Xilinx_Vivado_Workflow/FSM_Clk/project_2/project_2.gen/sources_1/ip/ila_0_2/ila_0/ila_0_in_context.xdc] for cell 'your_ila_inst'
Finished Parsing XDC File [d:/BS_ES/DSD/Online_Materials/git_folder_dsd/DSD/FPGA_Project/Xilinx_Vivado_Workflow/FSM_Clk/project_2/project_2.gen/sources_1/ip/ila_0_2/ila_0/ila_0_in_context.xdc] for cell 'your_ila_inst'
Parsing XDC File [D:/BS_ES/DSD/Online_Materials/git_folder_dsd/DSD/FPGA_Project/Xilinx_Vivado_Workflow/FSM_Clk/project_2/project_2.srcs/constrs_1/new/fsm.xdc]
Finished Parsing XDC File [D:/BS_ES/DSD/Online_Materials/git_folder_dsd/DSD/FPGA_Project/Xilinx_Vivado_Workflow/FSM_Clk/project_2/project_2.srcs/constrs_1/new/fsm.xdc]
INFO: [Project 1-236] Implementation specific constraints were found while reading constraint file [D:/BS_ES/DSD/Online_Materials/git_folder_dsd/DSD/FPGA_Project/Xilinx_Vivado_Workflow/FSM_Clk/project_2/project_2.srcs/constrs_1/new/fsm.xdc]. These constraints will be ignored for synthesis but will be used in implementation. Impacted constraints are listed in the file [.Xil/sequence_detection_propImpl.xdc].
Resolution: To avoid this warning, move constraints listed in [.Xil/sequence_detection_propImpl.xdc] to another XDC file and exclude this new file from synthesis with the used_in_synthesis property (File Properties dialog in GUI) and re-run elaboration/synthesis.
Completed Processing XDC Constraints

Netlist sorting complete. Time (s): cpu = 00:00:00 ; elapsed = 00:00:00 . Memory (MB): peak = 1433.949 ; gain = 0.000
INFO: [Project 1-111] Unisim Transformation Summary:
No Unisim elements were transformed.

Constraint Validation Runtime : Time (s): cpu = 00:00:00 ; elapsed = 00:00:00.003 . Memory (MB): peak = 1433.949 ; gain = 0.000
WARNING: [Timing 38-316] Clock period '10.000' specified during out-of-context synthesis of instance 'your_ila_inst' at clock pin 'clk' is different from the actual clock period '8.000', this can lead to different synthesis results.
INFO: [Designutils 20-5440] No compile time benefit to using incremental synthesis; A full resynthesis will be run
INFO: [Designutils 20-4379] Flow is switching to default flow due to incremental criteria not met. If you would like to alter this behaviour and have the flow terminate instead, please set the following parameter config_implementation {autoIncr.Synth.RejectBehavior Terminate}
INFO: [Synth 8-11241] undeclared symbol 'REGCCE', assumed default net type 'wire' [C:/Xilinx/Vivado/2022.2/data/verilog/src/unimacro/BRAM_SINGLE_MACRO.v:2170]
---------------------------------------------------------------------------------
Finished Constraint Validation : Time (s): cpu = 00:00:14 ; elapsed = 00:00:15 . Memory (MB): peak = 1433.949 ; gain = 577.898
---------------------------------------------------------------------------------
---------------------------------------------------------------------------------
Start Loading Part and Timing Information
---------------------------------------------------------------------------------
Loading part: xc7z020clg400-1
---------------------------------------------------------------------------------
Finished Loading Part and Timing Information : Time (s): cpu = 00:00:14 ; elapsed = 00:00:15 . Memory (MB): peak = 1433.949 ; gain = 577.898
---------------------------------------------------------------------------------
---------------------------------------------------------------------------------
Start Applying 'set_property' XDC Constraints
---------------------------------------------------------------------------------
Applied set_property KEEP_HIERARCHY = SOFT for your_ila_inst. (constraint file  auto generated constraint).
---------------------------------------------------------------------------------
Finished applying 'set_property' XDC Constraints : Time (s): cpu = 00:00:14 ; elapsed = 00:00:15 . Memory (MB): peak = 1433.949 ; gain = 577.898
---------------------------------------------------------------------------------
INFO: [Synth 8-802] inferred FSM for state register 'P_state_reg' in module 'sequence_detection'
WARNING: [Synth 8-327] inferring latch for variable 'FSM_sequential_N_state_reg' [D:/BS_ES/DSD/Online_Materials/git_folder_dsd/DSD/FPGA_Project/Xilinx_Vivado_Workflow/FSM_Clk/project_2/project_2.srcs/sources_1/new/patten110_Detection.sv:51]
WARNING: [Synth 8-327] inferring latch for variable 'FSM_onehot_N_state_reg' [D:/BS_ES/DSD/Online_Materials/git_folder_dsd/DSD/FPGA_Project/Xilinx_Vivado_Workflow/FSM_Clk/project_2/project_2.srcs/sources_1/new/patten110_Detection.sv:51]
---------------------------------------------------------------------------------------------------
                   State |                     New Encoding |                Previous Encoding 
---------------------------------------------------------------------------------------------------
                    IDLE |                               00 |                              000
                    GOT1 |                               01 |                              001
                   GOT11 |                               10 |                              010
                  GOT110 |                               11 |                              011
---------------------------------------------------------------------------------------------------
INFO: [Synth 8-3354] encoded FSM with state register 'P_state_reg' using encoding 'sequential' in module 'sequence_detection'
WARNING: [Synth 8-327] inferring latch for variable 'FSM_sequential_N_state_reg' [D:/BS_ES/DSD/Online_Materials/git_folder_dsd/DSD/FPGA_Project/Xilinx_Vivado_Workflow/FSM_Clk/project_2/project_2.srcs/sources_1/new/patten110_Detection.sv:51]
---------------------------------------------------------------------------------
Finished RTL Optimization Phase 2 : Time (s): cpu = 00:00:14 ; elapsed = 00:00:15 . Memory (MB): peak = 1433.949 ; gain = 577.898
---------------------------------------------------------------------------------
---------------------------------------------------------------------------------
Start RTL Component Statistics 
---------------------------------------------------------------------------------
Detailed RTL Component Info : 
+---Adders : 
	   2 Input   27 Bit       Adders := 1     
+---Registers : 
	               28 Bit    Registers := 1     
	                1 Bit    Registers := 1     
+---Muxes : 
	   2 Input   27 Bit        Muxes := 1     
	   4 Input    2 Bit        Muxes := 1     
	   2 Input    2 Bit        Muxes := 3     
	   4 Input    1 Bit        Muxes := 2     
	   2 Input    1 Bit        Muxes := 5     
---------------------------------------------------------------------------------
Finished RTL Component Statistics 
---------------------------------------------------------------------------------
---------------------------------------------------------------------------------
Start Part Resource Summary
---------------------------------------------------------------------------------
Part Resources:
DSPs: 220 (col length:60)
BRAMs: 280 (col length: RAMB18 60 RAMB36 30)
---------------------------------------------------------------------------------
Finished Part Resource Summary
---------------------------------------------------------------------------------
---------------------------------------------------------------------------------
Start Cross Boundary and Area Optimization
---------------------------------------------------------------------------------
WARNING: [Synth 8-7080] Parallel synthesis criteria is not met
---------------------------------------------------------------------------------
Finished Cross Boundary and Area Optimization : Time (s): cpu = 00:00:16 ; elapsed = 00:00:17 . Memory (MB): peak = 1433.949 ; gain = 577.898
---------------------------------------------------------------------------------
---------------------------------------------------------------------------------
Start Applying XDC Timing Constraints
---------------------------------------------------------------------------------
---------------------------------------------------------------------------------
Finished Applying XDC Timing Constraints : Time (s): cpu = 00:00:22 ; elapsed = 00:00:23 . Memory (MB): peak = 1433.949 ; gain = 577.898
---------------------------------------------------------------------------------
---------------------------------------------------------------------------------
Start Timing Optimization
---------------------------------------------------------------------------------
---------------------------------------------------------------------------------
Finished Timing Optimization : Time (s): cpu = 00:00:22 ; elapsed = 00:00:23 . Memory (MB): peak = 1433.949 ; gain = 577.898
---------------------------------------------------------------------------------
---------------------------------------------------------------------------------
Start Technology Mapping
---------------------------------------------------------------------------------
---------------------------------------------------------------------------------
Finished Technology Mapping : Time (s): cpu = 00:00:22 ; elapsed = 00:00:23 . Memory (MB): peak = 1433.949 ; gain = 577.898
---------------------------------------------------------------------------------
---------------------------------------------------------------------------------
Start IO Insertion
---------------------------------------------------------------------------------
---------------------------------------------------------------------------------
Start Flattening Before IO Insertion
---------------------------------------------------------------------------------
---------------------------------------------------------------------------------
Finished Flattening Before IO Insertion
---------------------------------------------------------------------------------
---------------------------------------------------------------------------------
Start Final Netlist Cleanup
---------------------------------------------------------------------------------
---------------------------------------------------------------------------------
Finished Final Netlist Cleanup
---------------------------------------------------------------------------------
---------------------------------------------------------------------------------
Finished IO Insertion : Time (s): cpu = 00:00:26 ; elapsed = 00:00:27 . Memory (MB): peak = 1433.949 ; gain = 577.898
---------------------------------------------------------------------------------
---------------------------------------------------------------------------------
Start Renaming Generated Instances
---------------------------------------------------------------------------------
---------------------------------------------------------------------------------
Finished Renaming Generated Instances : Time (s): cpu = 00:00:26 ; elapsed = 00:00:27 . Memory (MB): peak = 1433.949 ; gain = 577.898
---------------------------------------------------------------------------------
---------------------------------------------------------------------------------
Start Rebuilding User Hierarchy
---------------------------------------------------------------------------------
---------------------------------------------------------------------------------
Finished Rebuilding User Hierarchy : Time (s): cpu = 00:00:26 ; elapsed = 00:00:27 . Memory (MB): peak = 1433.949 ; gain = 577.898
---------------------------------------------------------------------------------
---------------------------------------------------------------------------------
Start Renaming Generated Ports
---------------------------------------------------------------------------------
---------------------------------------------------------------------------------
Finished Renaming Generated Ports : Time (s): cpu = 00:00:26 ; elapsed = 00:00:27 . Memory (MB): peak = 1433.949 ; gain = 577.898
---------------------------------------------------------------------------------
---------------------------------------------------------------------------------
Start Handling Custom Attributes
---------------------------------------------------------------------------------
---------------------------------------------------------------------------------
Finished Handling Custom Attributes : Time (s): cpu = 00:00:26 ; elapsed = 00:00:27 . Memory (MB): peak = 1433.949 ; gain = 577.898
---------------------------------------------------------------------------------
---------------------------------------------------------------------------------
Start Renaming Generated Nets
---------------------------------------------------------------------------------
---------------------------------------------------------------------------------
Finished Renaming Generated Nets : Time (s): cpu = 00:00:26 ; elapsed = 00:00:27 . Memory (MB): peak = 1433.949 ; gain = 577.898
---------------------------------------------------------------------------------
---------------------------------------------------------------------------------
Start Writing Synthesis Report
---------------------------------------------------------------------------------

Report BlackBoxes: 
+------+--------------+----------+
|      |BlackBox name |Instances |
+------+--------------+----------+
|1     |ila_0         |         1|
+------+--------------+----------+

Report Cell Usage: 
+------+-------+------+
|      |Cell   |Count |
+------+-------+------+
|1     |ila    |     1|
|2     |BUFG   |     1|
|3     |CARRY4 |     7|
|4     |LUT3   |     5|
|5     |LUT4   |     1|
|6     |LUT5   |     2|
|7     |LUT6   |    29|
|8     |FDCE   |    30|
|9     |LD     |     2|
|10    |IBUF   |     3|
|11    |OBUF   |     2|
+------+-------+------+
---------------------------------------------------------------------------------
Finished Writing Synthesis Report : Time (s): cpu = 00:00:26 ; elapsed = 00:00:27 . Memory (MB): peak = 1433.949 ; gain = 577.898
---------------------------------------------------------------------------------
Synthesis finished with 0 errors, 0 critical warnings and 4 warnings.
Synthesis Optimization Runtime : Time (s): cpu = 00:00:18 ; elapsed = 00:00:25 . Memory (MB): peak = 1433.949 ; gain = 501.926
Synthesis Optimization Complete : Time (s): cpu = 00:00:26 ; elapsed = 00:00:27 . Memory (MB): peak = 1433.949 ; gain = 577.898
INFO: [Project 1-571] Translating synthesized netlist
Netlist sorting complete. Time (s): cpu = 00:00:00 ; elapsed = 00:00:00 . Memory (MB): peak = 1433.949 ; gain = 0.000
INFO: [Netlist 29-17] Analyzing 9 Unisim elements for replacement
INFO: [Netlist 29-28] Unisim Transformation completed in 0 CPU seconds
INFO: [Project 1-570] Preparing netlist for logic optimization
INFO: [Opt 31-138] Pushed 0 inverter(s) to 0 load pin(s).
Netlist sorting complete. Time (s): cpu = 00:00:00 ; elapsed = 00:00:00 . Memory (MB): peak = 1433.949 ; gain = 0.000
INFO: [Project 1-111] Unisim Transformation Summary:
  A total of 2 instances were transformed.
  LD => LDCE: 2 instances

Synth Design complete, checksum: 5cdce843
INFO: [Common 17-83] Releasing license: Synthesis
30 Infos, 7 Warnings, 0 Critical Warnings and 0 Errors encountered.
synth_design completed successfully
synth_design: Time (s): cpu = 00:00:30 ; elapsed = 00:00:34 . Memory (MB): peak = 1433.949 ; gain = 975.688
INFO: [Common 17-1381] The checkpoint 'D:/BS_ES/DSD/Online_Materials/git_folder_dsd/DSD/FPGA_Project/Xilinx_Vivado_Workflow/FSM_Clk/project_2/project_2.runs/synth_1/sequence_detection.dcp' has been generated.
INFO: [runtcl-4] Executing : report_utilization -file sequence_detection_utilization_synth.rpt -pb sequence_detection_utilization_synth.pb
INFO: [Common 17-206] Exiting Vivado at Tue Apr 22 12:06:20 2025...
