
*** Running vivado
    with args -log uart_led.vds -m64 -product Vivado -mode batch -messageDb vivado.pb -notrace -source uart_led.tcl



****** Vivado v2022.2 (64-bit)
  **** SW Build 3671981 on Fri Oct 14 05:00:03 MDT 2022
  **** IP Build 3669848 on Fri Oct 14 08:30:02 MDT 2022
    ** Copyright 1986-2022 Xilinx, Inc. All Rights Reserved.

source uart_led.tcl -notrace
create_project: Time (s): cpu = 00:00:08 ; elapsed = 00:00:09 . Memory (MB): peak = 395.160 ; gain = 70.484
Command: read_checkpoint -auto_incremental -incremental E:/DSD/Xilinx_Vivado_Workflow/lab_2/lab_2.srcs/utils_1/imports/synth_1/uart_led.dcp
INFO: [Vivado 12-5825] Read reference checkpoint from E:/DSD/Xilinx_Vivado_Workflow/lab_2/lab_2.srcs/utils_1/imports/synth_1/uart_led.dcp for incremental synthesis
INFO: [Vivado 12-7989] Please ensure there are no constraint changes
Command: synth_design -top uart_led -part xc7z020clg400-1 -flatten_hierarchy full
Starting synth_design
Attempting to get a license for feature 'Synthesis' and/or device 'xc7z020'
INFO: [Common 17-349] Got license for feature 'Synthesis' and/or device 'xc7z020'
INFO: [Device 21-403] Loading part xc7z020clg400-1
INFO: [Designutils 20-5440] No compile time benefit to using incremental synthesis; A full resynthesis will be run
INFO: [Designutils 20-4379] Flow is switching to default flow due to incremental criteria not met. If you would like to alter this behaviour and have the flow terminate instead, please set the following parameter config_implementation {autoIncr.Synth.RejectBehavior Terminate}
INFO: [Synth 8-7079] Multithreading enabled for synth_design using a maximum of 2 processes.
INFO: [Synth 8-7078] Launching helper process for spawning children vivado processes
INFO: [Synth 8-7075] Helper process launched with PID 13708
INFO: [Synth 8-11241] undeclared symbol 'REGCCE', assumed default net type 'wire' [C:/Xilinx/Vivado/2022.2/data/verilog/src/unimacro/BRAM_SINGLE_MACRO.v:2170]
---------------------------------------------------------------------------------
Starting RTL Elaboration : Time (s): cpu = 00:00:09 ; elapsed = 00:00:10 . Memory (MB): peak = 1234.879 ; gain = 409.281
---------------------------------------------------------------------------------
INFO: [Synth 8-6157] synthesizing module 'uart_led' [E:/DSD/xup_fpga_vivado_flow-main/xup_fpga_vivado_flow-main/source/pynq-z2/lab2/uart_led.v:44]
INFO: [Synth 8-6157] synthesizing module 'meta_harden' [E:/DSD/xup_fpga_vivado_flow-main/xup_fpga_vivado_flow-main/source/pynq-z2/lab2/meta_harden.v:46]
INFO: [Synth 8-6155] done synthesizing module 'meta_harden' (0#1) [E:/DSD/xup_fpga_vivado_flow-main/xup_fpga_vivado_flow-main/source/pynq-z2/lab2/meta_harden.v:46]
INFO: [Synth 8-6157] synthesizing module 'uart_rx' [E:/DSD/xup_fpga_vivado_flow-main/xup_fpga_vivado_flow-main/source/pynq-z2/lab2/uart_rx.v:56]
	Parameter BAUD_RATE bound to: 115200 - type: integer 
	Parameter CLOCK_RATE bound to: 125000000 - type: integer 
INFO: [Synth 8-6157] synthesizing module 'uart_baud_gen' [E:/DSD/xup_fpga_vivado_flow-main/xup_fpga_vivado_flow-main/source/pynq-z2/lab2/uart_baud_gen.v:54]
	Parameter BAUD_RATE bound to: 115200 - type: integer 
	Parameter CLOCK_RATE bound to: 125000000 - type: integer 
INFO: [Synth 8-6155] done synthesizing module 'uart_baud_gen' (0#1) [E:/DSD/xup_fpga_vivado_flow-main/xup_fpga_vivado_flow-main/source/pynq-z2/lab2/uart_baud_gen.v:54]
INFO: [Synth 8-6157] synthesizing module 'uart_rx_ctl' [E:/DSD/xup_fpga_vivado_flow-main/xup_fpga_vivado_flow-main/source/pynq-z2/lab2/uart_rx_ctl.v:71]
INFO: [Synth 8-6155] done synthesizing module 'uart_rx_ctl' (0#1) [E:/DSD/xup_fpga_vivado_flow-main/xup_fpga_vivado_flow-main/source/pynq-z2/lab2/uart_rx_ctl.v:71]
INFO: [Synth 8-6155] done synthesizing module 'uart_rx' (0#1) [E:/DSD/xup_fpga_vivado_flow-main/xup_fpga_vivado_flow-main/source/pynq-z2/lab2/uart_rx.v:56]
INFO: [Synth 8-6157] synthesizing module 'led_ctl' [E:/DSD/xup_fpga_vivado_flow-main/xup_fpga_vivado_flow-main/source/pynq-z2/lab2/led_ctl.v:46]
INFO: [Synth 8-6155] done synthesizing module 'led_ctl' (0#1) [E:/DSD/xup_fpga_vivado_flow-main/xup_fpga_vivado_flow-main/source/pynq-z2/lab2/led_ctl.v:46]
INFO: [Synth 8-6155] done synthesizing module 'uart_led' (0#1) [E:/DSD/xup_fpga_vivado_flow-main/xup_fpga_vivado_flow-main/source/pynq-z2/lab2/uart_led.v:44]
---------------------------------------------------------------------------------
Finished RTL Elaboration : Time (s): cpu = 00:00:13 ; elapsed = 00:00:14 . Memory (MB): peak = 1324.820 ; gain = 499.223
---------------------------------------------------------------------------------
---------------------------------------------------------------------------------
Start Handling Custom Attributes
---------------------------------------------------------------------------------
---------------------------------------------------------------------------------
Finished Handling Custom Attributes : Time (s): cpu = 00:00:13 ; elapsed = 00:00:14 . Memory (MB): peak = 1324.820 ; gain = 499.223
---------------------------------------------------------------------------------
---------------------------------------------------------------------------------
Finished RTL Optimization Phase 1 : Time (s): cpu = 00:00:13 ; elapsed = 00:00:14 . Memory (MB): peak = 1324.820 ; gain = 499.223
---------------------------------------------------------------------------------
Netlist sorting complete. Time (s): cpu = 00:00:00 ; elapsed = 00:00:00.002 . Memory (MB): peak = 1324.820 ; gain = 0.000
INFO: [Project 1-570] Preparing netlist for logic optimization

Processing XDC Constraints
Initializing timing engine
Parsing XDC File [E:/DSD/xup_fpga_vivado_flow-main/xup_fpga_vivado_flow-main/source/pynq-z2/lab2/uart_led_pins_pynq.xdc]
Finished Parsing XDC File [E:/DSD/xup_fpga_vivado_flow-main/xup_fpga_vivado_flow-main/source/pynq-z2/lab2/uart_led_pins_pynq.xdc]
INFO: [Project 1-236] Implementation specific constraints were found while reading constraint file [E:/DSD/xup_fpga_vivado_flow-main/xup_fpga_vivado_flow-main/source/pynq-z2/lab2/uart_led_pins_pynq.xdc]. These constraints will be ignored for synthesis but will be used in implementation. Impacted constraints are listed in the file [.Xil/uart_led_propImpl.xdc].
Resolution: To avoid this warning, move constraints listed in [.Xil/uart_led_propImpl.xdc] to another XDC file and exclude this new file from synthesis with the used_in_synthesis property (File Properties dialog in GUI) and re-run elaboration/synthesis.
Parsing XDC File [E:/DSD/xup_fpga_vivado_flow-main/xup_fpga_vivado_flow-main/source/pynq-z2/lab2/uart_led_timing_pynq.xdc]
INFO: [Constraints 18-483] create_clock: no pin(s)/port(s)/net(s) specified as objects, only virtual clock 'virtual_clock' will be created. If you don't want this, please specify pin(s)/ports(s)/net(s) as objects to the command. [E:/DSD/xup_fpga_vivado_flow-main/xup_fpga_vivado_flow-main/source/pynq-z2/lab2/uart_led_timing_pynq.xdc:27]
Finished Parsing XDC File [E:/DSD/xup_fpga_vivado_flow-main/xup_fpga_vivado_flow-main/source/pynq-z2/lab2/uart_led_timing_pynq.xdc]
Completed Processing XDC Constraints

Netlist sorting complete. Time (s): cpu = 00:00:00 ; elapsed = 00:00:00 . Memory (MB): peak = 1436.688 ; gain = 0.000
INFO: [Project 1-111] Unisim Transformation Summary:
No Unisim elements were transformed.

Constraint Validation Runtime : Time (s): cpu = 00:00:00 ; elapsed = 00:00:00.004 . Memory (MB): peak = 1436.688 ; gain = 0.000
INFO: [Designutils 20-5440] No compile time benefit to using incremental synthesis; A full resynthesis will be run
INFO: [Designutils 20-4379] Flow is switching to default flow due to incremental criteria not met. If you would like to alter this behaviour and have the flow terminate instead, please set the following parameter config_implementation {autoIncr.Synth.RejectBehavior Terminate}
INFO: [Synth 8-11241] undeclared symbol 'REGCCE', assumed default net type 'wire' [C:/Xilinx/Vivado/2022.2/data/verilog/src/unimacro/BRAM_SINGLE_MACRO.v:2170]
---------------------------------------------------------------------------------
Finished Constraint Validation : Time (s): cpu = 00:00:28 ; elapsed = 00:00:29 . Memory (MB): peak = 1436.688 ; gain = 611.090
---------------------------------------------------------------------------------
---------------------------------------------------------------------------------
Start Loading Part and Timing Information
---------------------------------------------------------------------------------
Loading part: xc7z020clg400-1
---------------------------------------------------------------------------------
Finished Loading Part and Timing Information : Time (s): cpu = 00:00:28 ; elapsed = 00:00:29 . Memory (MB): peak = 1436.688 ; gain = 611.090
---------------------------------------------------------------------------------
---------------------------------------------------------------------------------
Start Applying 'set_property' XDC Constraints
---------------------------------------------------------------------------------
---------------------------------------------------------------------------------
Finished applying 'set_property' XDC Constraints : Time (s): cpu = 00:00:28 ; elapsed = 00:00:29 . Memory (MB): peak = 1436.688 ; gain = 611.090
---------------------------------------------------------------------------------
INFO: [Synth 8-802] inferred FSM for state register 'state_reg' in module 'uart_rx_ctl'
---------------------------------------------------------------------------------------------------
                   State |                     New Encoding |                Previous Encoding 
---------------------------------------------------------------------------------------------------
                 iSTATE1 |                               00 |                               00
                  iSTATE |                               01 |                               01
                 iSTATE0 |                               10 |                               10
                 iSTATE2 |                               11 |                               11
---------------------------------------------------------------------------------------------------
INFO: [Synth 8-3354] encoded FSM with state register 'state_reg' using encoding 'sequential' in module 'uart_rx_ctl'
---------------------------------------------------------------------------------
Finished RTL Optimization Phase 2 : Time (s): cpu = 00:00:29 ; elapsed = 00:00:30 . Memory (MB): peak = 1436.688 ; gain = 611.090
---------------------------------------------------------------------------------
---------------------------------------------------------------------------------
Start RTL Component Statistics 
---------------------------------------------------------------------------------
Detailed RTL Component Info : 
+---Adders : 
	   2 Input    7 Bit       Adders := 1     
	   2 Input    4 Bit       Adders := 1     
	   2 Input    3 Bit       Adders := 1     
+---Registers : 
	                8 Bit    Registers := 4     
	                7 Bit    Registers := 1     
	                4 Bit    Registers := 1     
	                3 Bit    Registers := 1     
	                2 Bit    Registers := 1     
	                1 Bit    Registers := 10    
+---Muxes : 
	   2 Input    8 Bit        Muxes := 3     
	   2 Input    4 Bit        Muxes := 3     
	   5 Input    4 Bit        Muxes := 1     
	   4 Input    2 Bit        Muxes := 1     
	   2 Input    2 Bit        Muxes := 3     
	   5 Input    2 Bit        Muxes := 1     
	   2 Input    1 Bit        Muxes := 5     
	   4 Input    1 Bit        Muxes := 1     
---------------------------------------------------------------------------------
Finished RTL Component Statistics 
---------------------------------------------------------------------------------
---------------------------------------------------------------------------------
Start Part Resource Summary
---------------------------------------------------------------------------------
Part Resources:
DSPs: 220 (col length:60)
BRAMs: 280 (col length: RAMB18 60 RAMB36 30)
---------------------------------------------------------------------------------
Finished Part Resource Summary
---------------------------------------------------------------------------------
---------------------------------------------------------------------------------
Start Cross Boundary and Area Optimization
---------------------------------------------------------------------------------
WARNING: [Synth 8-7080] Parallel synthesis criteria is not met
---------------------------------------------------------------------------------
Finished Cross Boundary and Area Optimization : Time (s): cpu = 00:00:33 ; elapsed = 00:00:34 . Memory (MB): peak = 1436.688 ; gain = 611.090
---------------------------------------------------------------------------------
---------------------------------------------------------------------------------
Start Applying XDC Timing Constraints
---------------------------------------------------------------------------------
---------------------------------------------------------------------------------
Finished Applying XDC Timing Constraints : Time (s): cpu = 00:00:44 ; elapsed = 00:00:45 . Memory (MB): peak = 1436.688 ; gain = 611.090
---------------------------------------------------------------------------------
---------------------------------------------------------------------------------
Start Timing Optimization
---------------------------------------------------------------------------------
---------------------------------------------------------------------------------
Finished Timing Optimization : Time (s): cpu = 00:00:44 ; elapsed = 00:00:45 . Memory (MB): peak = 1436.688 ; gain = 611.090
---------------------------------------------------------------------------------
---------------------------------------------------------------------------------
Start Technology Mapping
---------------------------------------------------------------------------------
---------------------------------------------------------------------------------
Finished Technology Mapping : Time (s): cpu = 00:00:44 ; elapsed = 00:00:45 . Memory (MB): peak = 1436.688 ; gain = 611.090
---------------------------------------------------------------------------------
---------------------------------------------------------------------------------
Start IO Insertion
---------------------------------------------------------------------------------
---------------------------------------------------------------------------------
Start Flattening Before IO Insertion
---------------------------------------------------------------------------------
---------------------------------------------------------------------------------
Finished Flattening Before IO Insertion
---------------------------------------------------------------------------------
---------------------------------------------------------------------------------
Start Final Netlist Cleanup
---------------------------------------------------------------------------------
---------------------------------------------------------------------------------
Finished Final Netlist Cleanup
---------------------------------------------------------------------------------
---------------------------------------------------------------------------------
Finished IO Insertion : Time (s): cpu = 00:00:53 ; elapsed = 00:00:55 . Memory (MB): peak = 1436.688 ; gain = 611.090
---------------------------------------------------------------------------------
---------------------------------------------------------------------------------
Start Renaming Generated Instances
---------------------------------------------------------------------------------
---------------------------------------------------------------------------------
Finished Renaming Generated Instances : Time (s): cpu = 00:00:53 ; elapsed = 00:00:55 . Memory (MB): peak = 1436.688 ; gain = 611.090
---------------------------------------------------------------------------------
---------------------------------------------------------------------------------
Start Handling Custom Attributes
---------------------------------------------------------------------------------
---------------------------------------------------------------------------------
Finished Handling Custom Attributes : Time (s): cpu = 00:00:53 ; elapsed = 00:00:55 . Memory (MB): peak = 1436.688 ; gain = 611.090
---------------------------------------------------------------------------------
---------------------------------------------------------------------------------
Start Writing Synthesis Report
---------------------------------------------------------------------------------

Report BlackBoxes: 
+-+--------------+----------+
| |BlackBox name |Instances |
+-+--------------+----------+
+-+--------------+----------+

Report Cell Usage: 
+------+-----+------+
|      |Cell |Count |
+------+-----+------+
|1     |BUFG |     1|
|2     |LUT1 |     2|
|3     |LUT2 |     5|
|4     |LUT3 |    13|
|5     |LUT4 |     6|
|6     |LUT5 |     3|
|7     |LUT6 |    22|
|8     |FDRE |    56|
|9     |FDSE |     3|
|10    |IBUF |     4|
|11    |OBUF |     8|
+------+-----+------+
---------------------------------------------------------------------------------
Finished Writing Synthesis Report : Time (s): cpu = 00:00:53 ; elapsed = 00:00:55 . Memory (MB): peak = 1436.688 ; gain = 611.090
---------------------------------------------------------------------------------
Synthesis finished with 0 errors, 0 critical warnings and 1 warnings.
Synthesis Optimization Runtime : Time (s): cpu = 00:00:36 ; elapsed = 00:00:51 . Memory (MB): peak = 1436.688 ; gain = 499.223
Synthesis Optimization Complete : Time (s): cpu = 00:00:53 ; elapsed = 00:00:55 . Memory (MB): peak = 1436.688 ; gain = 611.090
INFO: [Project 1-571] Translating synthesized netlist
Netlist sorting complete. Time (s): cpu = 00:00:00 ; elapsed = 00:00:00.002 . Memory (MB): peak = 1436.688 ; gain = 0.000
INFO: [Project 1-570] Preparing netlist for logic optimization
INFO: [Opt 31-138] Pushed 0 inverter(s) to 0 load pin(s).
Netlist sorting complete. Time (s): cpu = 00:00:00 ; elapsed = 00:00:00 . Memory (MB): peak = 1436.688 ; gain = 0.000
INFO: [Project 1-111] Unisim Transformation Summary:
No Unisim elements were transformed.

Synth Design complete, checksum: 5c65f275
INFO: [Common 17-83] Releasing license: Synthesis
36 Infos, 1 Warnings, 0 Critical Warnings and 0 Errors encountered.
synth_design completed successfully
synth_design: Time (s): cpu = 00:01:03 ; elapsed = 00:01:05 . Memory (MB): peak = 1436.688 ; gain = 1016.691
INFO: [Common 17-1381] The checkpoint 'E:/DSD/Xilinx_Vivado_Workflow/lab_2/lab_2.runs/synth_1/uart_led.dcp' has been generated.
INFO: [runtcl-4] Executing : report_utilization -file uart_led_utilization_synth.rpt -pb uart_led_utilization_synth.pb
INFO: [Common 17-206] Exiting Vivado at Fri Apr 18 09:32:34 2025...
